1521655657320	geckodriver	INFO	geckodriver 0.18.0
1521655657353	geckodriver	INFO	Listening on 127.0.0.1:58034
1521655658571	geckodriver::marionette	INFO	Starting browser /usr/bin/firefox with args ["-marionette"]
1521655668014	Marionette	INFO	Enabled via --marionette
1521655728490	geckodriver	INFO	geckodriver 0.18.0
1521655728492	geckodriver	INFO	Listening on 127.0.0.1:58261
1521655729569	geckodriver::marionette	INFO	Starting browser /usr/bin/firefox with args ["-marionette"]
1521655730086	Marionette	INFO	Enabled via --marionette
1521655731694	Marionette	INFO	Listening on port 41579
1521655731810	Marionette	WARN	TLS certificate errors will be ignored for this session

(firefox:15059): GLib-GObject-WARNING **: /build/glib2.0-prJhLS/glib2.0-2.48.2/./gobject/gsignal.c:3486: signal name 'selection_changed' is invalid for instance '0x7fd0320d5650' of type 'MaiAtkType139'
1521655819641	geckodriver	INFO	geckodriver 0.18.0
1521655819643	geckodriver	INFO	Listening on 127.0.0.1:41707
1521655820716	geckodriver::marionette	INFO	Starting browser /usr/bin/firefox with args ["-marionette"]
1521655821266	Marionette	INFO	Enabled via --marionette
1521655822828	Marionette	INFO	Listening on port 35426
1521655822926	Marionette	WARN	TLS certificate errors will be ignored for this session

(firefox:16400): GLib-GObject-WARNING **: /build/glib2.0-prJhLS/glib2.0-2.48.2/./gobject/gsignal.c:3486: signal name 'selection_changed' is invalid for instance '0x7f94e16512e0' of type 'MaiAtkType139'
1521656501696	geckodriver	INFO	geckodriver 0.18.0
1521656501698	geckodriver	INFO	Listening on 127.0.0.1:55125
1521656502771	geckodriver::marionette	INFO	Starting browser /usr/bin/firefox with args ["-marionette"]
1521656504196	Marionette	INFO	Enabled via --marionette
1521656506198	Marionette	INFO	Listening on port 35191
1521656506284	Marionette	WARN	TLS certificate errors will be ignored for this session

(firefox:25716): GLib-GObject-WARNING **: /build/glib2.0-prJhLS/glib2.0-2.48.2/./gobject/gsignal.c:3486: signal name 'selection_changed' is invalid for instance '0x7f0cc7f67c40' of type 'MaiAtkType139'
1521656793677	geckodriver	INFO	geckodriver 0.18.0
1521656793680	geckodriver	INFO	Listening on 127.0.0.1:35153
1521656794751	geckodriver::marionette	INFO	Starting browser /usr/bin/firefox with args ["-marionette"]
1521656795268	Marionette	INFO	Enabled via --marionette
1521656797076	Marionette	INFO	Listening on port 44144
1521656797162	Marionette	WARN	TLS certificate errors will be ignored for this session

(firefox:29621): GLib-GObject-WARNING **: /build/glib2.0-prJhLS/glib2.0-2.48.2/./gobject/gsignal.c:3486: signal name 'selection_changed' is invalid for instance '0x7fbcbd4b6740' of type 'MaiAtkType139'
1521656802216	geckodriver	INFO	geckodriver 0.18.0
1521656802228	geckodriver	INFO	Listening on 127.0.0.1:50591
1521656803279	geckodriver::marionette	INFO	Starting browser /usr/bin/firefox with args ["-marionette"]
1521656804644	Marionette	INFO	Enabled via --marionette
1521656807426	Marionette	INFO	Listening on port 38893
1521656807502	Marionette	WARN	TLS certificate errors will be ignored for this session

(firefox:29903): GLib-GObject-WARNING **: /build/glib2.0-prJhLS/glib2.0-2.48.2/./gobject/gsignal.c:3486: signal name 'selection_changed' is invalid for instance '0x7fe8377764c0' of type 'MaiAtkType139'
1521656887214	geckodriver	INFO	geckodriver 0.18.0
1521656887216	geckodriver	INFO	Listening on 127.0.0.1:37819
1521656887295	geckodriver::marionette	INFO	Starting browser /usr/bin/firefox with args ["-marionette"]
1521656888004	Marionette	INFO	Enabled via --marionette
1521656891314	Marionette	INFO	Listening on port 40994
1521656891408	Marionette	WARN	TLS certificate errors will be ignored for this session

(firefox:31174): GLib-GObject-WARNING **: /build/glib2.0-prJhLS/glib2.0-2.48.2/./gobject/gsignal.c:3486: signal name 'selection_changed' is invalid for instance '0x7f8c7e384bf0' of type 'MaiAtkType139'
1521656903116	geckodriver	INFO	geckodriver 0.18.0
1521656903120	geckodriver	INFO	Listening on 127.0.0.1:43789
1521656904186	geckodriver::marionette	INFO	Starting browser /usr/bin/firefox with args ["-marionette"]
1521656908282	Marionette	INFO	Enabled via --marionette
1521656919934	Marionette	INFO	Listening on port 37254
1521656920108	Marionette	WARN	TLS certificate errors will be ignored for this session
1521657026864	geckodriver	INFO	geckodriver 0.18.0
1521657026867	geckodriver	INFO	Listening on 127.0.0.1:32968
1521657028057	geckodriver::marionette	INFO	Starting browser /usr/bin/firefox with args ["-marionette"]
1521657033144	Marionette	INFO	Enabled via --marionette
1521657039756	Marionette	INFO	Listening on port 38175
1521657039896	Marionette	WARN	TLS certificate errors will be ignored for this session

(firefox:958): GLib-GObject-WARNING **: /build/glib2.0-prJhLS/glib2.0-2.48.2/./gobject/gsignal.c:3486: signal name 'selection_changed' is invalid for instance '0x7feac0a04e70' of type 'MaiAtkType139'
1521657050382	geckodriver	INFO	geckodriver 0.18.0
1521657050385	geckodriver	INFO	Listening on 127.0.0.1:39043
1521657051534	geckodriver::marionette	INFO	Starting browser /usr/bin/firefox with args ["-marionette"]
1521657057464	Marionette	INFO	Enabled via --marionette
1521657065088	Marionette	INFO	Listening on port 43937
1521657065214	Marionette	WARN	TLS certificate errors will be ignored for this session

(firefox:1524): GLib-GObject-WARNING **: /build/glib2.0-prJhLS/glib2.0-2.48.2/./gobject/gsignal.c:3486: signal name 'selection_changed' is invalid for instance '0x7fed363157e0' of type 'MaiAtkType139'
1521657079433	geckodriver	INFO	geckodriver 0.18.0
1521657079436	geckodriver	INFO	Listening on 127.0.0.1:50000
1521657080564	geckodriver::marionette	INFO	Starting browser /usr/bin/firefox with args ["-marionette"]
1521657084618	Marionette	INFO	Enabled via --marionette
1521657092322	Marionette	INFO	Listening on port 41188
1521657095720	Marionette	WARN	TLS certificate errors will be ignored for this session
1521658102465	geckodriver	INFO	geckodriver 0.18.0
1521658102467	geckodriver	INFO	Listening on 127.0.0.1:58573
1521658103557	geckodriver::marionette	INFO	Starting browser /usr/bin/firefox with args ["-marionette"]
1521658105032	Marionette	INFO	Enabled via --marionette
1521658107030	Marionette	INFO	Listening on port 46357
1521658107076	Marionette	WARN	TLS certificate errors will be ignored for this session

(firefox:16436): GLib-GObject-WARNING **: /build/glib2.0-prJhLS/glib2.0-2.48.2/./gobject/gsignal.c:3486: signal name 'selection_changed' is invalid for instance '0x7f0f340fe060' of type 'MaiAtkType139'
1521658115408	geckodriver	INFO	geckodriver 0.18.0
1521658115412	geckodriver	INFO	Listening on 127.0.0.1:51731
1521658116484	geckodriver::marionette	INFO	Starting browser /usr/bin/firefox with args ["-marionette"]
1521658117070	Marionette	INFO	Enabled via --marionette
1521658118718	Marionette	INFO	Listening on port 41285
1521658118800	Marionette	WARN	TLS certificate errors will be ignored for this session

(firefox:16771): GLib-GObject-WARNING **: /build/glib2.0-prJhLS/glib2.0-2.48.2/./gobject/gsignal.c:3486: signal name 'selection_changed' is invalid for instance '0x7fde05ce4380' of type 'MaiAtkType139'
1521658124860	geckodriver	INFO	geckodriver 0.18.0
1521658124863	geckodriver	INFO	Listening on 127.0.0.1:51638
1521658125937	geckodriver::marionette	INFO	Starting browser /usr/bin/firefox with args ["-marionette"]
1521658126532	Marionette	INFO	Enabled via --marionette
1521658128332	Marionette	INFO	Listening on port 46632
1521658128354	Marionette	WARN	TLS certificate errors will be ignored for this session
*** UTM:SVC TimerManager:registerTimer called after profile-before-change notification. Ignoring timer registration for id: telemetry_modules_ping
*** UTM:SVC TimerManager:registerTimer called after profile-before-change notification. Ignoring timer registration for id: telemetry_modules_ping
1521658184253	geckodriver	INFO	geckodriver 0.18.0
1521658184255	geckodriver	INFO	Listening on 127.0.0.1:58390
1521658184369	geckodriver::marionette	INFO	Starting browser /usr/bin/firefox with args ["-marionette"]
1521658185310	Marionette	INFO	Enabled via --marionette
1521658187242	Marionette	INFO	Listening on port 41848
1521658187284	Marionette	WARN	TLS certificate errors will be ignored for this session
1521658195826	geckodriver	INFO	geckodriver 0.18.0
1521658195829	geckodriver	INFO	Listening on 127.0.0.1:46301
1521658196900	geckodriver::marionette	INFO	Starting browser /usr/bin/firefox with args ["-marionette"]
1521658197466	Marionette	INFO	Enabled via --marionette
1521658199550	Marionette	INFO	Listening on port 46344
1521658199610	Marionette	WARN	TLS certificate errors will be ignored for this session

(firefox:18375): GLib-GObject-WARNING **: /build/glib2.0-prJhLS/glib2.0-2.48.2/./gobject/gsignal.c:3486: signal name 'selection_changed' is invalid for instance '0x7fcbf8118420' of type 'MaiAtkType139'
1521658208243	geckodriver	INFO	geckodriver 0.18.0
1521658208246	geckodriver	INFO	Listening on 127.0.0.1:36846
1521658209313	geckodriver::marionette	INFO	Starting browser /usr/bin/firefox with args ["-marionette"]
1521658209968	Marionette	INFO	Enabled via --marionette
1521658211686	Marionette	INFO	Listening on port 35592
1521658211748	Marionette	WARN	TLS certificate errors will be ignored for this session
*** UTM:SVC TimerManager:registerTimer called after profile-before-change notification. Ignoring timer registration for id: telemetry_modules_ping
*** UTM:SVC TimerManager:registerTimer called after profile-before-change notification. Ignoring timer registration for id: telemetry_modules_ping
*** UTM:SVC TimerManager:registerTimer called after profile-before-change notification. Ignoring timer registration for id: telemetry_modules_ping
1521658583684	geckodriver	INFO	geckodriver 0.18.0
1521658583686	geckodriver	INFO	Listening on 127.0.0.1:36592
1521658584758	geckodriver::marionette	INFO	Starting browser /usr/bin/firefox with args ["-marionette"]
1521658585288	Marionette	INFO	Enabled via --marionette
1521658587264	Marionette	INFO	Listening on port 33435
1521658587268	Marionette	WARN	TLS certificate errors will be ignored for this session

(firefox:23907): GLib-GObject-WARNING **: /build/glib2.0-prJhLS/glib2.0-2.48.2/./gobject/gsignal.c:3486: signal name 'selection_changed' is invalid for instance '0x7feda9f251f0' of type 'MaiAtkType139'
1521658596023	geckodriver	INFO	geckodriver 0.18.0
1521658596026	geckodriver	INFO	Listening on 127.0.0.1:57905
1521658597098	geckodriver::marionette	INFO	Starting browser /usr/bin/firefox with args ["-marionette"]
1521658597670	Marionette	INFO	Enabled via --marionette
1521658599472	Marionette	INFO	Listening on port 36470
1521658599512	Marionette	WARN	TLS certificate errors will be ignored for this session

(firefox:24244): GLib-GObject-WARNING **: /build/glib2.0-prJhLS/glib2.0-2.48.2/./gobject/gsignal.c:3486: signal name 'selection_changed' is invalid for instance '0x7f4ecfac6ba0' of type 'MaiAtkType139'
*** UTM:SVC TimerManager:registerTimer called after profile-before-change notification. Ignoring timer registration for id: telemetry_modules_ping
*** UTM:SVC TimerManager:registerTimer called after profile-before-change notification. Ignoring timer registration for id: telemetry_modules_ping
1521658640009	geckodriver	INFO	geckodriver 0.18.0
1521658640011	geckodriver	INFO	Listening on 127.0.0.1:45059
1521658641087	geckodriver::marionette	INFO	Starting browser /usr/bin/firefox with args ["-marionette"]
1521658641604	Marionette	INFO	Enabled via --marionette
1521658643244	Marionette	INFO	Listening on port 37894
1521658643298	Marionette	WARN	TLS certificate errors will be ignored for this session

(firefox:25044): GLib-GObject-WARNING **: /build/glib2.0-prJhLS/glib2.0-2.48.2/./gobject/gsignal.c:3486: signal name 'selection_changed' is invalid for instance '0x7f7a087f8650' of type 'MaiAtkType139'
1521658650080	geckodriver	INFO	geckodriver 0.18.0
1521658650082	geckodriver	INFO	Listening on 127.0.0.1:37860
1521658651153	geckodriver::marionette	INFO	Starting browser /usr/bin/firefox with args ["-marionette"]
1521658651726	Marionette	INFO	Enabled via --marionette
1521658653670	Marionette	INFO	Listening on port 35268
1521658653784	Marionette	WARN	TLS certificate errors will be ignored for this session

(firefox:25340): GLib-GObject-WARNING **: /build/glib2.0-prJhLS/glib2.0-2.48.2/./gobject/gsignal.c:3486: signal name 'selection_changed' is invalid for instance '0x7fe17f7a8e20' of type 'MaiAtkType139'
*** UTM:SVC TimerManager:registerTimer called after profile-before-change notification. Ignoring timer registration for id: telemetry_modules_ping
1521659380654	geckodriver	INFO	geckodriver 0.18.0
1521659380656	geckodriver	INFO	Listening on 127.0.0.1:51745
1521659381727	geckodriver::marionette	INFO	Starting browser /usr/bin/firefox with args ["-marionette"]
1521659382246	Marionette	INFO	Enabled via --marionette
1521659383910	Marionette	INFO	Listening on port 46864
1521659383936	Marionette	WARN	TLS certificate errors will be ignored for this session
*** UTM:SVC TimerManager:registerTimer called after profile-before-change notification. Ignoring timer registration for id: telemetry_modules_ping
1521659408360	geckodriver	INFO	geckodriver 0.18.0
1521659408363	geckodriver	INFO	Listening on 127.0.0.1:52002
1521659409436	geckodriver::marionette	INFO	Starting browser /usr/bin/firefox with args ["-marionette"]
1521659409974	Marionette	INFO	Enabled via --marionette
1521659411648	Marionette	INFO	Listening on port 34183
1521659411756	Marionette	WARN	TLS certificate errors will be ignored for this session
*** UTM:SVC TimerManager:registerTimer called after profile-before-change notification. Ignoring timer registration for id: telemetry_modules_ping
1521659444590	geckodriver	INFO	geckodriver 0.18.0
1521659444592	geckodriver	INFO	Listening on 127.0.0.1:53324
1521659445664	geckodriver::marionette	INFO	Starting browser /usr/bin/firefox with args ["-marionette"]
1521659446206	Marionette	INFO	Enabled via --marionette
1521659447906	Marionette	INFO	Listening on port 41996
1521659447974	Marionette	WARN	TLS certificate errors will be ignored for this session
1521659527327	geckodriver	INFO	geckodriver 0.18.0
1521659527329	geckodriver	INFO	Listening on 127.0.0.1:57589
1521659528404	geckodriver::marionette	INFO	Starting browser /usr/bin/firefox with args ["-marionette"]
1521659528972	Marionette	INFO	Enabled via --marionette
1521659530640	Marionette	INFO	Listening on port 45110
1521659530714	Marionette	WARN	TLS certificate errors will be ignored for this session
1521659648156	geckodriver	INFO	geckodriver 0.18.0
1521659648158	geckodriver	INFO	Listening on 127.0.0.1:39641
1521659649231	geckodriver::marionette	INFO	Starting browser /usr/bin/firefox with args ["-marionette"]
1521659649778	Marionette	INFO	Enabled via --marionette
1521659651462	Marionette	INFO	Listening on port 42991
1521659651548	Marionette	WARN	TLS certificate errors will be ignored for this session
1521659675861	geckodriver	INFO	geckodriver 0.18.0
1521659675863	geckodriver	INFO	Listening on 127.0.0.1:57361
1521659676937	geckodriver::marionette	INFO	Starting browser /usr/bin/firefox with args ["-marionette"]
1521659677492	Marionette	INFO	Enabled via --marionette
1521659679236	Marionette	INFO	Listening on port 33896
1521659679254	Marionette	WARN	TLS certificate errors will be ignored for this session
1521659805438	geckodriver	INFO	geckodriver 0.18.0
1521659805440	geckodriver	INFO	Listening on 127.0.0.1:36602
1521659806512	geckodriver::marionette	INFO	Starting browser /usr/bin/firefox with args ["-marionette"]
1521659807114	Marionette	INFO	Enabled via --marionette
1521659808886	Marionette	INFO	Listening on port 35248
1521659808924	Marionette	WARN	TLS certificate errors will be ignored for this session
1521659819501	geckodriver	INFO	geckodriver 0.18.0
1521659819503	geckodriver	INFO	Listening on 127.0.0.1:33169
1521659820577	geckodriver::marionette	INFO	Starting browser /usr/bin/firefox with args ["-marionette"]
1521659821100	Marionette	INFO	Enabled via --marionette
1521659823106	Marionette	INFO	Listening on port 46101
1521659823192	Marionette	WARN	TLS certificate errors will be ignored for this session
1521659868276	geckodriver	INFO	geckodriver 0.18.0
1521659868278	geckodriver	INFO	Listening on 127.0.0.1:47864
1521659869350	geckodriver::marionette	INFO	Starting browser /usr/bin/firefox with args ["-marionette"]
1521659869894	Marionette	INFO	Enabled via --marionette
1521659871460	Marionette	INFO	Listening on port 46579
1521659871566	Marionette	WARN	TLS certificate errors will be ignored for this session
1521660184495	geckodriver	INFO	geckodriver 0.18.0
1521660184497	geckodriver	INFO	Listening on 127.0.0.1:40409
1521660185570	geckodriver::marionette	INFO	Starting browser /usr/bin/firefox with args ["-marionette"]
1521660186134	Marionette	INFO	Enabled via --marionette
1521660187768	Marionette	INFO	Listening on port 44184
1521660187780	Marionette	WARN	TLS certificate errors will be ignored for this session
1521660320043	geckodriver	INFO	geckodriver 0.18.0
1521660320045	geckodriver	INFO	Listening on 127.0.0.1:53988
1521660321122	geckodriver::marionette	INFO	Starting browser /usr/bin/firefox with args ["-marionette"]
1521660321646	Marionette	INFO	Enabled via --marionette
1521660323418	Marionette	INFO	Listening on port 46014
1521660323436	Marionette	WARN	TLS certificate errors will be ignored for this session
1521660456993	geckodriver	INFO	geckodriver 0.18.0
1521660456995	geckodriver	INFO	Listening on 127.0.0.1:58919
1521660458066	geckodriver::marionette	INFO	Starting browser /usr/bin/firefox with args ["-marionette"]
1521660458640	Marionette	INFO	Enabled via --marionette
1521660460254	Marionette	INFO	Listening on port 34257
1521660460280	Marionette	WARN	TLS certificate errors will be ignored for this session

(firefox:19345): GLib-GObject-WARNING **: /build/glib2.0-prJhLS/glib2.0-2.48.2/./gobject/gsignal.c:3486: signal name 'selection_changed' is invalid for instance '0x7f9c2b1098d0' of type 'MaiAtkType139'

(firefox:19345): GLib-GObject-WARNING **: /build/glib2.0-prJhLS/glib2.0-2.48.2/./gobject/gsignal.c:3486: signal name 'selection_changed' is invalid for instance '0x7f9c2aff9a60' of type 'MaiAtkType139'
1521660502637	geckodriver	INFO	geckodriver 0.18.0
1521660502640	geckodriver	INFO	Listening on 127.0.0.1:32992
1521660503711	geckodriver::marionette	INFO	Starting browser /usr/bin/firefox with args ["-marionette"]
1521660504244	Marionette	INFO	Enabled via --marionette
1521660505976	Marionette	INFO	Listening on port 37037
1521660506020	Marionette	WARN	TLS certificate errors will be ignored for this session

(firefox:20135): GLib-GObject-WARNING **: /build/glib2.0-prJhLS/glib2.0-2.48.2/./gobject/gsignal.c:3486: signal name 'selection_changed' is invalid for instance '0x7fd7f4ac8790' of type 'MaiAtkType139'

(firefox:20135): GLib-GObject-WARNING **: /build/glib2.0-prJhLS/glib2.0-2.48.2/./gobject/gsignal.c:3486: signal name 'selection_changed' is invalid for instance '0x7fd7f4b9dab0' of type 'MaiAtkType139'
1521660589667	geckodriver	INFO	geckodriver 0.18.0
1521660589669	geckodriver	INFO	Listening on 127.0.0.1:36000
1521660590740	geckodriver::marionette	INFO	Starting browser /usr/bin/firefox with args ["-marionette"]
1521660591252	Marionette	INFO	Enabled via --marionette
1521660592874	Marionette	INFO	Listening on port 33281
1521660592960	Marionette	WARN	TLS certificate errors will be ignored for this session
1521661729115	geckodriver	INFO	geckodriver 0.18.0
1521661729117	geckodriver	INFO	Listening on 127.0.0.1:45085
1521661730192	geckodriver::marionette	INFO	Starting browser /usr/bin/firefox with args ["-marionette"]
1521661730708	Marionette	INFO	Enabled via --marionette
1521661732508	Marionette	INFO	Listening on port 36142
1521661732600	Marionette	WARN	TLS certificate errors will be ignored for this session

(firefox:4694): GLib-GObject-WARNING **: /build/glib2.0-prJhLS/glib2.0-2.48.2/./gobject/gsignal.c:3486: signal name 'selection_changed' is invalid for instance '0x7fd6bfd73740' of type 'MaiAtkType139'
1521663138539	geckodriver	INFO	geckodriver 0.18.0
1521663138541	geckodriver	INFO	Listening on 127.0.0.1:39329
1521663139613	geckodriver::marionette	INFO	Starting browser /usr/bin/firefox with args ["-marionette"]
1521663140228	Marionette	INFO	Enabled via --marionette
1521663141780	Marionette	INFO	Listening on port 36491
1521663141824	Marionette	WARN	TLS certificate errors will be ignored for this session

(firefox:24414): GLib-GObject-WARNING **: /build/glib2.0-prJhLS/glib2.0-2.48.2/./gobject/gsignal.c:3486: signal name 'selection_changed' is invalid for instance '0x7fca89f6b600' of type 'MaiAtkType139'

(firefox:24414): GLib-GObject-WARNING **: /build/glib2.0-prJhLS/glib2.0-2.48.2/./gobject/gsignal.c:3486: signal name 'selection_changed' is invalid for instance '0x7fca89f691f0' of type 'MaiAtkType139'
1521725170956	geckodriver	INFO	geckodriver 0.18.0
1521725171138	geckodriver	INFO	Listening on 127.0.0.1:54230
1521725172406	geckodriver::marionette	INFO	Starting browser /usr/bin/firefox with args ["-marionette"]
1521725200666	Marionette	INFO	Enabled via --marionette
1521725310676	geckodriver	INFO	geckodriver 0.18.0
1521725310678	geckodriver	INFO	Listening on 127.0.0.1:41242
1521725312005	geckodriver::marionette	INFO	Starting browser /usr/bin/firefox with args ["-marionette"]
1521725314412	Marionette	INFO	Enabled via --marionette
1521725316142	Marionette	INFO	Listening on port 40235
1521725316254	Marionette	WARN	TLS certificate errors will be ignored for this session
1521729243773	geckodriver	INFO	geckodriver 0.18.0
1521729244339	geckodriver	INFO	Listening on 127.0.0.1:42512
1521729244924	geckodriver::marionette	INFO	Starting browser /usr/bin/firefox with args ["-marionette"]
1521729253734	Marionette	INFO	Enabled via --marionette
1521729259464	Marionette	INFO	Listening on port 42722
1521729259660	Marionette	WARN	TLS certificate errors will be ignored for this session
[GFX1-]: Receive IPC close with reason=AbnormalShutdown
[Child 17595, Chrome_ChildThread] WARNING: pipe error (3): Connection reset by peer: file /build/firefox-CQifnS/firefox-59.0.1+build1/ipc/chromium/src/chrome/common/ipc_channel_posix.cc, line 353
1521729719682	geckodriver	INFO	geckodriver 0.18.0
1521729719685	geckodriver	INFO	Listening on 127.0.0.1:56793
1521729720757	geckodriver::marionette	INFO	Starting browser /usr/bin/firefox with args ["-marionette"]
1521729721342	Marionette	INFO	Enabled via --marionette
1521729722952	Marionette	INFO	Listening on port 35326
1521729722980	Marionette	WARN	TLS certificate errors will be ignored for this session
1521729805633	geckodriver	INFO	geckodriver 0.18.0
1521729805635	geckodriver	INFO	Listening on 127.0.0.1:34929
1521729806709	geckodriver::marionette	INFO	Starting browser /usr/bin/firefox with args ["-marionette"]
1521729807372	Marionette	INFO	Enabled via --marionette
1521729809056	Marionette	INFO	Listening on port 37551
1521729809120	Marionette	WARN	TLS certificate errors will be ignored for this session
1521729837959	geckodriver	INFO	geckodriver 0.18.0
1521729837961	geckodriver	INFO	Listening on 127.0.0.1:56725
1521729839034	geckodriver::marionette	INFO	Starting browser /usr/bin/firefox with args ["-marionette"]
1521729839576	Marionette	INFO	Enabled via --marionette
1521729841378	Marionette	INFO	Listening on port 40101
1521729841450	Marionette	WARN	TLS certificate errors will be ignored for this session
[Child 25999, Chrome_ChildThread] WARNING: pipe error (3): Connection reset by peer: file /build/firefox-CQifnS/firefox-59.0.1+build1/ipc/chromium/src/chrome/common/ipc_channel_posix.cc, line 353
1521729931440	geckodriver	INFO	geckodriver 0.18.0
1521729931443	geckodriver	INFO	Listening on 127.0.0.1:47061
1521729932513	geckodriver::marionette	INFO	Starting browser /usr/bin/firefox with args ["-marionette"]
1521729933084	Marionette	INFO	Enabled via --marionette
1521729934618	Marionette	INFO	Listening on port 35280
1521729934624	Marionette	WARN	TLS certificate errors will be ignored for this session

(firefox:27311): GLib-GObject-WARNING **: /build/glib2.0-prJhLS/glib2.0-2.48.2/./gobject/gsignal.c:3486: signal name 'selection_changed' is invalid for instance '0x7fa62b1384c0' of type 'MaiAtkType139'

(firefox:27311): GLib-GObject-WARNING **: /build/glib2.0-prJhLS/glib2.0-2.48.2/./gobject/gsignal.c:3486: signal name 'selection_changed' is invalid for instance '0x7fa62aef8420' of type 'MaiAtkType139'
[GFX1-]: Receive IPC close with reason=AbnormalShutdown
1521730258372	geckodriver	INFO	geckodriver 0.18.0
1521730258375	geckodriver	INFO	Listening on 127.0.0.1:36819
1521730259447	geckodriver::marionette	INFO	Starting browser /usr/bin/firefox with args ["-marionette"]
1521730259968	Marionette	INFO	Enabled via --marionette
1521730262588	Marionette	INFO	Listening on port 38888
1521730262658	Marionette	WARN	TLS certificate errors will be ignored for this session

(firefox:31874): GLib-GObject-WARNING **: /build/glib2.0-prJhLS/glib2.0-2.48.2/./gobject/gsignal.c:3486: signal name 'selection_changed' is invalid for instance '0x7f1fd44a5dd0' of type 'MaiAtkType139'

(firefox:31874): GLib-GObject-WARNING **: /build/glib2.0-prJhLS/glib2.0-2.48.2/./gobject/gsignal.c:3486: signal name 'selection_changed' is invalid for instance '0x7f1fd44a5dd0' of type 'MaiAtkType139'
1521731393706	geckodriver	INFO	geckodriver 0.18.0
1521731393709	geckodriver	INFO	Listening on 127.0.0.1:39380
1521731394781	geckodriver::marionette	INFO	Starting browser /usr/bin/firefox with args ["-marionette"]
1521731395690	Marionette	INFO	Enabled via --marionette
1521731397440	Marionette	INFO	Listening on port 43391
1521731397494	Marionette	WARN	TLS certificate errors will be ignored for this session

(firefox:15558): GLib-GObject-WARNING **: /build/glib2.0-prJhLS/glib2.0-2.48.2/./gobject/gsignal.c:3486: signal name 'selection_changed' is invalid for instance '0x7f840768f4c0' of type 'MaiAtkType139'
1521731488172	geckodriver	INFO	geckodriver 0.18.0
1521731488174	geckodriver	INFO	Listening on 127.0.0.1:55754
1521731489245	geckodriver::marionette	INFO	Starting browser /usr/bin/firefox with args ["-marionette"]
1521731490962	Marionette	INFO	Enabled via --marionette
1521731492886	Marionette	INFO	Listening on port 33886
1521731492964	Marionette	WARN	TLS certificate errors will be ignored for this session

(firefox:16920): GLib-GObject-WARNING **: /build/glib2.0-prJhLS/glib2.0-2.48.2/./gobject/gsignal.c:3486: signal name 'selection_changed' is invalid for instance '0x7f78587afa10' of type 'MaiAtkType139'

(firefox:16920): GLib-GObject-WARNING **: /build/glib2.0-prJhLS/glib2.0-2.48.2/./gobject/gsignal.c:3486: signal name 'selection_changed' is invalid for instance '0x7f78589d91f0' of type 'MaiAtkType139'

(firefox:16920): GLib-GObject-WARNING **: /build/glib2.0-prJhLS/glib2.0-2.48.2/./gobject/gsignal.c:3486: signal name 'selection_changed' is invalid for instance '0x7f7852e70a60' of type 'MaiAtkType139'

(firefox:16920): GLib-GObject-WARNING **: /build/glib2.0-prJhLS/glib2.0-2.48.2/./gobject/gsignal.c:3486: signal name 'selection_changed' is invalid for instance '0x7f7854b8f650' of type 'MaiAtkType139'
1521731642775	geckodriver	INFO	geckodriver 0.18.0
1521731642777	geckodriver	INFO	Listening on 127.0.0.1:47574
1521731643850	geckodriver::marionette	INFO	Starting browser /usr/bin/firefox with args ["-marionette"]
1521731644404	Marionette	INFO	Enabled via --marionette
1521731645940	Marionette	INFO	Listening on port 33665
1521731645962	Marionette	WARN	TLS certificate errors will be ignored for this session

(firefox:19263): GLib-GObject-WARNING **: /build/glib2.0-prJhLS/glib2.0-2.48.2/./gobject/gsignal.c:3486: signal name 'selection_changed' is invalid for instance '0x7f934119be70' of type 'MaiAtkType139'

(firefox:19263): GLib-GObject-WARNING **: /build/glib2.0-prJhLS/glib2.0-2.48.2/./gobject/gsignal.c:3486: signal name 'selection_changed' is invalid for instance '0x7f934c1978d0' of type 'MaiAtkType139'

(firefox:19263): GLib-GObject-WARNING **: /build/glib2.0-prJhLS/glib2.0-2.48.2/./gobject/gsignal.c:3486: signal name 'selection_changed' is invalid for instance '0x7f93416c4ce0' of type 'MaiAtkType139'

(firefox:19263): GLib-GObject-WARNING **: /build/glib2.0-prJhLS/glib2.0-2.48.2/./gobject/gsignal.c:3486: signal name 'selection_changed' is invalid for instance '0x7f933bd62b50' of type 'MaiAtkType139'
1521731989247	geckodriver	INFO	geckodriver 0.18.0
1521731989249	geckodriver	INFO	Listening on 127.0.0.1:60367
1521731990323	geckodriver::marionette	INFO	Starting browser /usr/bin/firefox with args ["-marionette"]
1521731990866	Marionette	INFO	Enabled via --marionette
1521731992388	Marionette	INFO	Listening on port 42480
1521731992434	Marionette	WARN	TLS certificate errors will be ignored for this session

(firefox:24152): GLib-GObject-WARNING **: /build/glib2.0-prJhLS/glib2.0-2.48.2/./gobject/gsignal.c:3486: signal name 'selection_changed' is invalid for instance '0x7f004b18e740' of type 'MaiAtkType139'

(firefox:24152): GLib-GObject-WARNING **: /build/glib2.0-prJhLS/glib2.0-2.48.2/./gobject/gsignal.c:3486: signal name 'selection_changed' is invalid for instance '0x7f004b150970' of type 'MaiAtkType139'

(firefox:24152): GLib-GObject-WARNING **: /build/glib2.0-prJhLS/glib2.0-2.48.2/./gobject/gsignal.c:3486: signal name 'selection_changed' is invalid for instance '0x7f004b4a1510' of type 'MaiAtkType139'

(firefox:24152): GLib-GObject-WARNING **: /build/glib2.0-prJhLS/glib2.0-2.48.2/./gobject/gsignal.c:3486: signal name 'selection_changed' is invalid for instance '0x7f00489a4f10' of type 'MaiAtkType139'
1521732552437	geckodriver	INFO	geckodriver 0.18.0
1521732552440	geckodriver	INFO	Listening on 127.0.0.1:38293
1521732553514	geckodriver::marionette	INFO	Starting browser /usr/bin/firefox with args ["-marionette"]
1521732554050	Marionette	INFO	Enabled via --marionette
1521732555654	Marionette	INFO	Listening on port 39707
1521732555724	Marionette	WARN	TLS certificate errors will be ignored for this session
1521732564149	geckodriver	INFO	geckodriver 0.18.0
1521732564151	geckodriver	INFO	Listening on 127.0.0.1:46176
1521732565224	geckodriver::marionette	INFO	Starting browser /usr/bin/firefox with args ["-marionette"]
1521732565822	Marionette	INFO	Enabled via --marionette
1521732567378	Marionette	INFO	Listening on port 46472
1521732567434	Marionette	WARN	TLS certificate errors will be ignored for this session

(firefox:31981): GLib-GObject-WARNING **: /build/glib2.0-prJhLS/glib2.0-2.48.2/./gobject/gsignal.c:3486: signal name 'selection_changed' is invalid for instance '0x7ff8cd2725b0' of type 'MaiAtkType139'

(firefox:31981): GLib-GObject-WARNING **: /build/glib2.0-prJhLS/glib2.0-2.48.2/./gobject/gsignal.c:3486: signal name 'selection_changed' is invalid for instance '0x7ff8cd274330' of type 'MaiAtkType139'

(firefox:31981): GLib-GObject-WARNING **: /build/glib2.0-prJhLS/glib2.0-2.48.2/./gobject/gsignal.c:3486: signal name 'selection_changed' is invalid for instance '0x7ff8c9bc9970' of type 'MaiAtkType139'

(firefox:31981): GLib-GObject-WARNING **: /build/glib2.0-prJhLS/glib2.0-2.48.2/./gobject/gsignal.c:3486: signal name 'selection_changed' is invalid for instance '0x7ff8c9c0ca60' of type 'MaiAtkType139'

(firefox:31981): GLib-GObject-WARNING **: /build/glib2.0-prJhLS/glib2.0-2.48.2/./gobject/gsignal.c:3486: signal name 'selection_changed' is invalid for instance '0x7ff8c9c0c600' of type 'MaiAtkType139'

(firefox:31981): GLib-GObject-WARNING **: /build/glib2.0-prJhLS/glib2.0-2.48.2/./gobject/gsignal.c:3486: signal name 'selection_changed' is invalid for instance '0x7ff8caada470' of type 'MaiAtkType139'
[Child 32056, Chrome_ChildThread] WARNING: pipe error: Broken pipe: file /build/firefox-CQifnS/firefox-59.0.1+build1/ipc/chromium/src/chrome/common/ipc_channel_posix.cc, line 709
[GFX1-]: Receive IPC close with reason=AbnormalShutdown
1521732758286	geckodriver	INFO	geckodriver 0.18.0
1521732758288	geckodriver	INFO	Listening on 127.0.0.1:56135
1521732759361	geckodriver::marionette	INFO	Starting browser /usr/bin/firefox with args ["-marionette"]
1521732759910	Marionette	INFO	Enabled via --marionette
1521732761548	Marionette	INFO	Listening on port 36230
1521732761572	Marionette	WARN	TLS certificate errors will be ignored for this session
1521732761639	geckodriver	INFO	geckodriver 0.18.0
1521732761641	geckodriver	INFO	Listening on 127.0.0.1:54910
1521732763039	geckodriver::marionette	INFO	Starting browser /usr/bin/firefox with args ["-marionette"]
1521732769146	Marionette	INFO	Enabled via --marionette
1521732772172	Marionette	INFO	Listening on port 38629
1521732773680	Marionette	WARN	TLS certificate errors will be ignored for this session
1521733020178	geckodriver	INFO	geckodriver 0.18.0
1521733020180	geckodriver	INFO	Listening on 127.0.0.1:52875
1521733020316	geckodriver::marionette	INFO	Starting browser /usr/bin/firefox with args ["-marionette"]
1521733021278	Marionette	INFO	Enabled via --marionette
1521733023172	Marionette	INFO	Listening on port 34495
1521733023260	Marionette	WARN	TLS certificate errors will be ignored for this session
1521733023329	geckodriver	INFO	geckodriver 0.18.0
1521733023335	geckodriver	INFO	Listening on 127.0.0.1:48610
1521733024400	geckodriver::marionette	INFO	Starting browser /usr/bin/firefox with args ["-marionette"]
1521733024982	Marionette	INFO	Enabled via --marionette
1521733027702	Marionette	INFO	Listening on port 44102
1521733027740	Marionette	WARN	TLS certificate errors will be ignored for this session

(firefox:7154): GLib-GObject-WARNING **: /build/glib2.0-prJhLS/glib2.0-2.48.2/./gobject/gsignal.c:3486: signal name 'selection_changed' is invalid for instance '0x7f69679ac6a0' of type 'MaiAtkType139'

(firefox:7154): GLib-GObject-WARNING **: /build/glib2.0-prJhLS/glib2.0-2.48.2/./gobject/gsignal.c:3486: signal name 'selection_changed' is invalid for instance '0x7f696a24f5b0' of type 'MaiAtkType139'

(firefox:7154): GLib-GObject-WARNING **: /build/glib2.0-prJhLS/glib2.0-2.48.2/./gobject/gsignal.c:3486: signal name 'selection_changed' is invalid for instance '0x7f6967767290' of type 'MaiAtkType139'
[Child 7279, Chrome_ChildThread] WARNING: pipe error (3): Connection reset by peer: file /build/firefox-CQifnS/firefox-59.0.1+build1/ipc/chromium/src/chrome/common/ipc_channel_posix.cc, line 353
1521733077835	geckodriver	INFO	geckodriver 0.18.0
1521733077837	geckodriver	INFO	Listening on 127.0.0.1:55486
1521733077960	geckodriver::marionette	INFO	Starting browser /usr/bin/firefox with args ["-marionette"]
1521733079710	Marionette	INFO	Enabled via --marionette
1521733082380	Marionette	INFO	Listening on port 41463
1521733082480	Marionette	WARN	TLS certificate errors will be ignored for this session
1521733082536	geckodriver	INFO	geckodriver 0.18.0
1521733082539	geckodriver	INFO	Listening on 127.0.0.1:57712
1521733083611	geckodriver::marionette	INFO	Starting browser /usr/bin/firefox with args ["-marionette"]
1521733084354	Marionette	INFO	Enabled via --marionette
1521733086274	Marionette	INFO	Listening on port 32987
1521733086322	Marionette	WARN	TLS certificate errors will be ignored for this session

(firefox:8327): GLib-GObject-WARNING **: /build/glib2.0-prJhLS/glib2.0-2.48.2/./gobject/gsignal.c:3486: signal name 'selection_changed' is invalid for instance '0x7f31b9d6ddd0' of type 'MaiAtkType139'

(firefox:8327): GLib-GObject-WARNING **: /build/glib2.0-prJhLS/glib2.0-2.48.2/./gobject/gsignal.c:3486: signal name 'selection_changed' is invalid for instance '0x7f31b9d701f0' of type 'MaiAtkType139'

(firefox:8327): GLib-GObject-WARNING **: /build/glib2.0-prJhLS/glib2.0-2.48.2/./gobject/gsignal.c:3486: signal name 'selection_changed' is invalid for instance '0x7f31b79710b0' of type 'MaiAtkType139'
[Child 8176, Chrome_ChildThread] WARNING: pipe error (3): Connection reset by peer: file /build/firefox-CQifnS/firefox-59.0.1+build1/ipc/chromium/src/chrome/common/ipc_channel_posix.cc, line 353
1521733120859	geckodriver	INFO	geckodriver 0.18.0
1521733120861	geckodriver	INFO	Listening on 127.0.0.1:54773
1521733121932	geckodriver::marionette	INFO	Starting browser /usr/bin/firefox with args ["-marionette"]
1521733122480	Marionette	INFO	Enabled via --marionette
1521733124620	Marionette	INFO	Listening on port 46728
1521733124644	Marionette	WARN	TLS certificate errors will be ignored for this session
1521733124708	geckodriver	INFO	geckodriver 0.18.0
1521733124710	geckodriver	INFO	Listening on 127.0.0.1:40408
1521733125783	geckodriver::marionette	INFO	Starting browser /usr/bin/firefox with args ["-marionette"]
1521733126510	Marionette	INFO	Enabled via --marionette
1521733128760	Marionette	INFO	Listening on port 38114
1521733128798	Marionette	WARN	TLS certificate errors will be ignored for this session
1521733538985	geckodriver	INFO	geckodriver 0.18.0
1521733538987	geckodriver	INFO	Listening on 127.0.0.1:50518
1521733540061	geckodriver::marionette	INFO	Starting browser /usr/bin/firefox with args ["-marionette"]
1521733540664	Marionette	INFO	Enabled via --marionette
1521733542234	Marionette	INFO	Listening on port 34973
1521733542278	Marionette	WARN	TLS certificate errors will be ignored for this session
1521733542344	geckodriver	INFO	geckodriver 0.18.0
1521733542348	geckodriver	INFO	Listening on 127.0.0.1:59176
1521733543445	geckodriver::marionette	INFO	Starting browser /usr/bin/firefox with args ["-marionette"]
1521733544024	Marionette	INFO	Enabled via --marionette
1521733545798	Marionette	INFO	Listening on port 37698
1521733545860	Marionette	WARN	TLS certificate errors will be ignored for this session

(firefox:15363): GLib-GObject-WARNING **: /build/glib2.0-prJhLS/glib2.0-2.48.2/./gobject/gsignal.c:3486: signal name 'selection_changed' is invalid for instance '0x7f5f18167600' of type 'MaiAtkType139'

(firefox:15363): GLib-GObject-WARNING **: /build/glib2.0-prJhLS/glib2.0-2.48.2/./gobject/gsignal.c:3486: signal name 'selection_changed' is invalid for instance '0x7f5f1816a6f0' of type 'MaiAtkType139'
1521733640372	geckodriver	INFO	geckodriver 0.18.0
1521733640374	geckodriver	INFO	Listening on 127.0.0.1:39946
1521733641467	geckodriver::marionette	INFO	Starting browser /usr/bin/firefox with args ["-marionette"]
1521733642484	Marionette	INFO	Enabled via --marionette
1521733644170	Marionette	INFO	Listening on port 39961
1521733644186	Marionette	WARN	TLS certificate errors will be ignored for this session
1521733644246	geckodriver	INFO	geckodriver 0.18.0
1521733644249	geckodriver	INFO	Listening on 127.0.0.1:40770
1521733645319	geckodriver::marionette	INFO	Starting browser /usr/bin/firefox with args ["-marionette"]
1521733645870	Marionette	INFO	Enabled via --marionette
1521733647702	Marionette	INFO	Listening on port 32775
1521733647738	Marionette	WARN	TLS certificate errors will be ignored for this session

(firefox:17024): GLib-GObject-WARNING **: /build/glib2.0-prJhLS/glib2.0-2.48.2/./gobject/gsignal.c:3486: signal name 'selection_changed' is invalid for instance '0x7fece9a9ca60' of type 'MaiAtkType139'

(firefox:17024): GLib-GObject-WARNING **: /build/glib2.0-prJhLS/glib2.0-2.48.2/./gobject/gsignal.c:3486: signal name 'selection_changed' is invalid for instance '0x7fecec19fce0' of type 'MaiAtkType139'

(firefox:17024): GLib-GObject-WARNING **: /build/glib2.0-prJhLS/glib2.0-2.48.2/./gobject/gsignal.c:3486: signal name 'selection_changed' is invalid for instance '0x7fece7fb7420' of type 'MaiAtkType139'
1521733749230	geckodriver	INFO	geckodriver 0.18.0
1521733749233	geckodriver	INFO	Listening on 127.0.0.1:50446
1521733750306	geckodriver::marionette	INFO	Starting browser /usr/bin/firefox with args ["-marionette"]
1521733750926	Marionette	INFO	Enabled via --marionette
1521733752788	Marionette	INFO	Listening on port 37713
1521733752816	Marionette	WARN	TLS certificate errors will be ignored for this session
1521733752875	geckodriver	INFO	geckodriver 0.18.0
1521733752877	geckodriver	INFO	Listening on 127.0.0.1:44257
1521733753949	geckodriver::marionette	INFO	Starting browser /usr/bin/firefox with args ["-marionette"]
1521733754598	Marionette	INFO	Enabled via --marionette
1521733756526	Marionette	INFO	Listening on port 37431
1521733756566	Marionette	WARN	TLS certificate errors will be ignored for this session
1521733848920	geckodriver	INFO	geckodriver 0.18.0
1521733848922	geckodriver	INFO	Listening on 127.0.0.1:38278
1521733849995	geckodriver::marionette	INFO	Starting browser /usr/bin/firefox with args ["-marionette"]
1521733851280	Marionette	INFO	Enabled via --marionette

(firefox:20448): IBUS-WARNING **: Unable to connect to ibus: Could not connect: Connection refused
1521733852870	Marionette	INFO	Listening on port 42242
1521733852908	Marionette	WARN	TLS certificate errors will be ignored for this session
1521733852981	geckodriver	INFO	geckodriver 0.18.0
1521733852983	geckodriver	INFO	Listening on 127.0.0.1:36257
1521733854055	geckodriver::marionette	INFO	Starting browser /usr/bin/firefox with args ["-marionette"]
1521733854634	Marionette	INFO	Enabled via --marionette

(firefox:20668): IBUS-WARNING **: Unable to connect to ibus: Could not connect: Connection refused
1521733856488	Marionette	INFO	Listening on port 40232
1521733856570	Marionette	WARN	TLS certificate errors will be ignored for this session

(firefox:20668): GLib-GObject-WARNING **: /build/glib2.0-prJhLS/glib2.0-2.48.2/./gobject/gsignal.c:3486: signal name 'selection_changed' is invalid for instance '0x7f777457b150' of type 'MaiAtkType139'

(firefox:20668): GLib-GObject-WARNING **: /build/glib2.0-prJhLS/glib2.0-2.48.2/./gobject/gsignal.c:3486: signal name 'selection_changed' is invalid for instance '0x7f777457bab0' of type 'MaiAtkType139'

(firefox:20668): GLib-GObject-WARNING **: /build/glib2.0-prJhLS/glib2.0-2.48.2/./gobject/gsignal.c:3486: signal name 'selection_changed' is invalid for instance '0x7f776fc98f10' of type 'MaiAtkType139'
1521733900996	geckodriver	INFO	geckodriver 0.18.0
1521733900999	geckodriver	INFO	Listening on 127.0.0.1:59647
1521733902073	geckodriver::marionette	INFO	Starting browser /usr/bin/firefox with args ["-marionette"]
1521733902774	Marionette	INFO	Enabled via --marionette
1521733904456	Marionette	INFO	Listening on port 44657
1521733904484	Marionette	WARN	TLS certificate errors will be ignored for this session
1521733904540	geckodriver	INFO	geckodriver 0.18.0
1521733904542	geckodriver	INFO	Listening on 127.0.0.1:55971
1521733905613	geckodriver::marionette	INFO	Starting browser /usr/bin/firefox with args ["-marionette"]
1521733906140	Marionette	INFO	Enabled via --marionette
1521733907780	Marionette	INFO	Listening on port 42992
1521733907822	Marionette	WARN	TLS certificate errors will be ignored for this session

(firefox:21706): GLib-GObject-WARNING **: /build/glib2.0-prJhLS/glib2.0-2.48.2/./gobject/gsignal.c:3486: signal name 'selection_changed' is invalid for instance '0x7f39269b6a60' of type 'MaiAtkType139'

(firefox:21706): GLib-GObject-WARNING **: /build/glib2.0-prJhLS/glib2.0-2.48.2/./gobject/gsignal.c:3486: signal name 'selection_changed' is invalid for instance '0x7f3926a07a60' of type 'MaiAtkType139'
[Child 21570, Chrome_ChildThread] WARNING: pipe error (3): Connection reset by peer: file /build/firefox-CQifnS/firefox-59.0.1+build1/ipc/chromium/src/chrome/common/ipc_channel_posix.cc, line 353
1521734461479	geckodriver	INFO	geckodriver 0.18.0
1521734461481	geckodriver	INFO	Listening on 127.0.0.1:52437
1521734462552	geckodriver::marionette	INFO	Starting browser /usr/bin/firefox with args ["-marionette"]
1521734463128	Marionette	INFO	Enabled via --marionette
1521734464964	Marionette	INFO	Listening on port 46669
1521734465064	Marionette	WARN	TLS certificate errors will be ignored for this session
1521734465122	geckodriver	INFO	geckodriver 0.18.0
1521734465125	geckodriver	INFO	Listening on 127.0.0.1:44658
1521734466198	geckodriver::marionette	INFO	Starting browser /usr/bin/firefox with args ["-marionette"]
1521734466802	Marionette	INFO	Enabled via --marionette
1521734468438	Marionette	INFO	Listening on port 44092
1521734468512	Marionette	WARN	TLS certificate errors will be ignored for this session

(firefox:29748): GLib-GObject-WARNING **: /build/glib2.0-prJhLS/glib2.0-2.48.2/./gobject/gsignal.c:3486: signal name 'selection_changed' is invalid for instance '0x7fa1fe40a6a0' of type 'MaiAtkType139'

(firefox:29748): GLib-GObject-WARNING **: /build/glib2.0-prJhLS/glib2.0-2.48.2/./gobject/gsignal.c:3486: signal name 'selection_changed' is invalid for instance '0x7fa1fe430330' of type 'MaiAtkType139'

(firefox:29748): GLib-GObject-WARNING **: /build/glib2.0-prJhLS/glib2.0-2.48.2/./gobject/gsignal.c:3486: signal name 'selection_changed' is invalid for instance '0x7fa1f9c93740' of type 'MaiAtkType139'
1521734705797	geckodriver	INFO	geckodriver 0.18.0
1521734705799	geckodriver	INFO	Listening on 127.0.0.1:53159
1521734706873	geckodriver::marionette	INFO	Starting browser /usr/bin/firefox with args ["-marionette"]
1521734707404	Marionette	INFO	Enabled via --marionette
1521734709300	Marionette	INFO	Listening on port 35613
1521734709416	Marionette	WARN	TLS certificate errors will be ignored for this session
1521734709476	geckodriver	INFO	geckodriver 0.18.0
1521734709478	geckodriver	INFO	Listening on 127.0.0.1:43453
1521734710553	geckodriver::marionette	INFO	Starting browser /usr/bin/firefox with args ["-marionette"]
1521734711348	Marionette	INFO	Enabled via --marionette
1521734713378	Marionette	INFO	Listening on port 41098
1521734713496	Marionette	WARN	TLS certificate errors will be ignored for this session

(firefox:1047): GLib-GObject-WARNING **: /build/glib2.0-prJhLS/glib2.0-2.48.2/./gobject/gsignal.c:3486: signal name 'selection_changed' is invalid for instance '0x7f8bcdb77e70' of type 'MaiAtkType139'

(firefox:1047): GLib-GObject-WARNING **: /build/glib2.0-prJhLS/glib2.0-2.48.2/./gobject/gsignal.c:3486: signal name 'selection_changed' is invalid for instance '0x7f8bcdb77100' of type 'MaiAtkType139'

(firefox:1047): GLib-GObject-WARNING **: /build/glib2.0-prJhLS/glib2.0-2.48.2/./gobject/gsignal.c:3486: signal name 'selection_changed' is invalid for instance '0x7f8bcb379920' of type 'MaiAtkType139'
[GFX1-]: Receive IPC close with reason=AbnormalShutdown
[Child 1138, Chrome_ChildThread] WARNING: pipe error (3): Connection reset by peer: file /build/firefox-CQifnS/firefox-59.0.1+build1/ipc/chromium/src/chrome/common/ipc_channel_posix.cc, line 353
1521734794412	geckodriver	INFO	geckodriver 0.18.0
1521734794414	geckodriver	INFO	Listening on 127.0.0.1:36571
1521734795488	geckodriver::marionette	INFO	Starting browser /usr/bin/firefox with args ["-marionette"]
1521734796036	Marionette	INFO	Enabled via --marionette
1521734797936	Marionette	INFO	Listening on port 41082
1521734797996	Marionette	WARN	TLS certificate errors will be ignored for this session
1521734798054	geckodriver	INFO	geckodriver 0.18.0
1521734798057	geckodriver	INFO	Listening on 127.0.0.1:57394
1521734799130	geckodriver::marionette	INFO	Starting browser /usr/bin/firefox with args ["-marionette"]
1521734799726	Marionette	INFO	Enabled via --marionette
1521734801414	Marionette	INFO	Listening on port 46178
1521734801440	Marionette	WARN	TLS certificate errors will be ignored for this session

(firefox:2741): GLib-GObject-WARNING **: /build/glib2.0-prJhLS/glib2.0-2.48.2/./gobject/gsignal.c:3486: signal name 'selection_changed' is invalid for instance '0x7f14447cc4c0' of type 'MaiAtkType139'

(firefox:2741): GLib-GObject-WARNING **: /build/glib2.0-prJhLS/glib2.0-2.48.2/./gobject/gsignal.c:3486: signal name 'selection_changed' is invalid for instance '0x7f14444adc40' of type 'MaiAtkType139'

(firefox:2741): GLib-GObject-WARNING **: /build/glib2.0-prJhLS/glib2.0-2.48.2/./gobject/gsignal.c:3486: signal name 'selection_changed' is invalid for instance '0x7f144137cdd0' of type 'MaiAtkType139'
1521735029573	geckodriver	INFO	geckodriver 0.18.0
1521735029575	geckodriver	INFO	Listening on 127.0.0.1:45788
1521735030651	geckodriver::marionette	INFO	Starting browser /usr/bin/firefox with args ["-marionette"]
1521735031178	Marionette	INFO	Enabled via --marionette
1521735032942	Marionette	INFO	Listening on port 38831
1521735032960	Marionette	WARN	TLS certificate errors will be ignored for this session
1521735033024	geckodriver	INFO	geckodriver 0.18.0
1521735033026	geckodriver	INFO	Listening on 127.0.0.1:35935
1521735034126	geckodriver::marionette	INFO	Starting browser /usr/bin/firefox with args ["-marionette"]
1521735034728	Marionette	INFO	Enabled via --marionette
1521735036618	Marionette	INFO	Listening on port 46002
1521735036648	Marionette	WARN	TLS certificate errors will be ignored for this session
[GFX1-]: Receive IPC close with reason=AbnormalShutdown
[Child 7238, Chrome_ChildThread] WARNING: pipe error (3): Connection reset by peer: file /build/firefox-CQifnS/firefox-59.0.1+build1/ipc/chromium/src/chrome/common/ipc_channel_posix.cc, line 353
1521735126116	geckodriver	INFO	geckodriver 0.18.0
1521735126118	geckodriver	INFO	Listening on 127.0.0.1:50893
1521735127190	geckodriver::marionette	INFO	Starting browser /usr/bin/firefox with args ["-marionette"]
1521735127912	Marionette	INFO	Enabled via --marionette
1521735129844	Marionette	INFO	Listening on port 40752
1521735129906	Marionette	WARN	TLS certificate errors will be ignored for this session
1521735129964	geckodriver	INFO	geckodriver 0.18.0
1521735129967	geckodriver	INFO	Listening on 127.0.0.1:56687
1521735131037	geckodriver::marionette	INFO	Starting browser /usr/bin/firefox with args ["-marionette"]
1521735131614	Marionette	INFO	Enabled via --marionette
1521735133246	Marionette	INFO	Listening on port 37612
1521735133346	Marionette	WARN	TLS certificate errors will be ignored for this session

(firefox:8825): GLib-GObject-WARNING **: /build/glib2.0-prJhLS/glib2.0-2.48.2/./gobject/gsignal.c:3486: signal name 'selection_changed' is invalid for instance '0x7f9f6c49f0b0' of type 'MaiAtkType139'

(firefox:8825): GLib-GObject-WARNING **: /build/glib2.0-prJhLS/glib2.0-2.48.2/./gobject/gsignal.c:3486: signal name 'selection_changed' is invalid for instance '0x7f9f6a3e6470' of type 'MaiAtkType139'

(firefox:8825): GLib-GObject-WARNING **: /build/glib2.0-prJhLS/glib2.0-2.48.2/./gobject/gsignal.c:3486: signal name 'selection_changed' is invalid for instance '0x7f9f68ce2bf0' of type 'MaiAtkType139'
1521741895056	geckodriver	INFO	geckodriver 0.18.0
1521741895058	geckodriver	INFO	Listening on 127.0.0.1:57259
1521741896147	geckodriver::marionette	INFO	Starting browser /usr/bin/firefox with args ["-marionette"]
1521741898106	Marionette	INFO	Enabled via --marionette
1521741901256	Marionette	INFO	Listening on port 44232
1521741901318	Marionette	WARN	TLS certificate errors will be ignored for this session
1521741901625	geckodriver	INFO	geckodriver 0.18.0
1521741901631	geckodriver	INFO	Listening on 127.0.0.1:33900
1521741902693	geckodriver::marionette	INFO	Starting browser /usr/bin/firefox with args ["-marionette"]
1521741903874	Marionette	INFO	Enabled via --marionette
1521741906028	Marionette	INFO	Listening on port 43293
1521741906156	Marionette	WARN	TLS certificate errors will be ignored for this session

(firefox:1826): GLib-GObject-WARNING **: /build/glib2.0-prJhLS/glib2.0-2.48.2/./gobject/gsignal.c:3486: signal name 'selection_changed' is invalid for instance '0x7fa7bfa505b0' of type 'MaiAtkType139'

(firefox:1826): GLib-GObject-WARNING **: /build/glib2.0-prJhLS/glib2.0-2.48.2/./gobject/gsignal.c:3486: signal name 'selection_changed' is invalid for instance '0x7fa7bfa50f10' of type 'MaiAtkType139'

(firefox:1826): GLib-GObject-WARNING **: /build/glib2.0-prJhLS/glib2.0-2.48.2/./gobject/gsignal.c:3486: signal name 'selection_changed' is invalid for instance '0x7fa7bfab5970' of type 'MaiAtkType139'
1521814804039	geckodriver	INFO	geckodriver 0.18.0
1521814804128	geckodriver	INFO	Listening on 127.0.0.1:57084
1521814805265	geckodriver::marionette	INFO	Starting browser /usr/bin/firefox with args ["-marionette"]
1521814815624	Marionette	INFO	Enabled via --marionette
1521814823838	Marionette	INFO	Listening on port 33950
1521814824086	Marionette	WARN	TLS certificate errors will be ignored for this session
1521814824942	geckodriver	INFO	geckodriver 0.18.0
1521814824944	geckodriver	INFO	Listening on 127.0.0.1:46642
1521814826015	geckodriver::marionette	INFO	Starting browser /usr/bin/firefox with args ["-marionette"]
1521814826992	Marionette	INFO	Enabled via --marionette
1521814828570	Marionette	INFO	Listening on port 36985
1521814828626	Marionette	WARN	TLS certificate errors will be ignored for this session

(firefox:20575): GLib-GObject-WARNING **: /build/glib2.0-prJhLS/glib2.0-2.48.2/./gobject/gsignal.c:3486: signal name 'selection_changed' is invalid for instance '0x7f4e78273ec0' of type 'MaiAtkType139'
1521814846961	geckodriver	INFO	geckodriver 0.18.0
1521814846964	geckodriver	INFO	Listening on 127.0.0.1:38691
1521814848038	geckodriver::marionette	INFO	Starting browser /usr/bin/firefox with args ["-marionette"]
1521814848686	Marionette	INFO	Enabled via --marionette
1521814850362	Marionette	INFO	Listening on port 38606
1521814850448	Marionette	WARN	TLS certificate errors will be ignored for this session
1521814850694	geckodriver	INFO	geckodriver 0.18.0
1521814850696	geckodriver	INFO	Listening on 127.0.0.1:46749
1521814851768	geckodriver::marionette	INFO	Starting browser /usr/bin/firefox with args ["-marionette"]
1521814852326	Marionette	INFO	Enabled via --marionette
1521814854126	Marionette	INFO	Listening on port 37477
1521814854178	Marionette	WARN	TLS certificate errors will be ignored for this session

(firefox:21283): GLib-GObject-WARNING **: /build/glib2.0-prJhLS/glib2.0-2.48.2/./gobject/gsignal.c:3486: signal name 'selection_changed' is invalid for instance '0x7fe7e5ddcd30' of type 'MaiAtkType139'

(firefox:21283): GLib-GObject-WARNING **: /build/glib2.0-prJhLS/glib2.0-2.48.2/./gobject/gsignal.c:3486: signal name 'selection_changed' is invalid for instance '0x7fe7e5de1240' of type 'MaiAtkType139'
[GFX1-]: Receive IPC close with reason=AbnormalShutdown
[Child 21436, Chrome_ChildThread] WARNING: pipe error: Broken pipe: file /build/firefox-CQifnS/firefox-59.0.1+build1/ipc/chromium/src/chrome/common/ipc_channel_posix.cc, line 709
1521815077729	geckodriver	INFO	geckodriver 0.18.0
1521815077731	geckodriver	INFO	Listening on 127.0.0.1:34998
1521815078824	geckodriver::marionette	INFO	Starting browser /usr/bin/firefox with args ["-marionette"]
1521815079360	Marionette	INFO	Enabled via --marionette
1521815081128	Marionette	INFO	Listening on port 33367
1521815081134	Marionette	WARN	TLS certificate errors will be ignored for this session

(firefox:24512): GLib-GObject-WARNING **: /build/glib2.0-prJhLS/glib2.0-2.48.2/./gobject/gsignal.c:3486: signal name 'selection_changed' is invalid for instance '0x7fb81a895fb0' of type 'MaiAtkType139'

(firefox:24512): GLib-GObject-WARNING **: /build/glib2.0-prJhLS/glib2.0-2.48.2/./gobject/gsignal.c:3486: signal name 'selection_changed' is invalid for instance '0x7fb816478560' of type 'MaiAtkType139'

(firefox:24512): GLib-GObject-WARNING **: /build/glib2.0-prJhLS/glib2.0-2.48.2/./gobject/gsignal.c:3486: signal name 'selection_changed' is invalid for instance '0x7fb817bc1d80' of type 'MaiAtkType139'

(firefox:24512): GLib-GObject-WARNING **: /build/glib2.0-prJhLS/glib2.0-2.48.2/./gobject/gsignal.c:3486: signal name 'selection_changed' is invalid for instance '0x7fb817961560' of type 'MaiAtkType139'

(firefox:24512): GLib-GObject-WARNING **: /build/glib2.0-prJhLS/glib2.0-2.48.2/./gobject/gsignal.c:3486: signal name 'selection_changed' is invalid for instance '0x7fb8179ad2e0' of type 'MaiAtkType139'

(firefox:24512): GLib-GObject-WARNING **: /build/glib2.0-prJhLS/glib2.0-2.48.2/./gobject/gsignal.c:3486: signal name 'selection_changed' is invalid for instance '0x7fb817bbb0b0' of type 'MaiAtkType139'
1521816019736	geckodriver	INFO	geckodriver 0.18.0
1521816019738	geckodriver	INFO	Listening on 127.0.0.1:42369
1521816020811	geckodriver::marionette	INFO	Starting browser /usr/bin/firefox with args ["-marionette"]
1521816021418	Marionette	INFO	Enabled via --marionette
1521816023226	Marionette	INFO	Listening on port 39114
1521816023322	Marionette	WARN	TLS certificate errors will be ignored for this session

(firefox:4747): GLib-GObject-WARNING **: /build/glib2.0-prJhLS/glib2.0-2.48.2/./gobject/gsignal.c:3486: signal name 'selection_changed' is invalid for instance '0x7fb5689a49c0' of type 'MaiAtkType139'

(firefox:4747): GLib-GObject-WARNING **: /build/glib2.0-prJhLS/glib2.0-2.48.2/./gobject/gsignal.c:3486: signal name 'selection_changed' is invalid for instance '0x7fb56b19c920' of type 'MaiAtkType139'

(firefox:4747): GLib-GObject-WARNING **: /build/glib2.0-prJhLS/glib2.0-2.48.2/./gobject/gsignal.c:3486: signal name 'selection_changed' is invalid for instance '0x7fb56b19c920' of type 'MaiAtkType139'

(firefox:4747): GLib-GObject-WARNING **: /build/glib2.0-prJhLS/glib2.0-2.48.2/./gobject/gsignal.c:3486: signal name 'selection_changed' is invalid for instance '0x7fb5659b97e0' of type 'MaiAtkType139'

(firefox:4747): GLib-GObject-WARNING **: /build/glib2.0-prJhLS/glib2.0-2.48.2/./gobject/gsignal.c:3486: signal name 'selection_changed' is invalid for instance '0x7fb567ab9e70' of type 'MaiAtkType139'
1521816283014	geckodriver	INFO	geckodriver 0.18.0
1521816283016	geckodriver	INFO	Listening on 127.0.0.1:35902
1521816284088	geckodriver::marionette	INFO	Starting browser /usr/bin/firefox with args ["-marionette"]
1521816284676	Marionette	INFO	Enabled via --marionette
1521816286378	Marionette	INFO	Listening on port 43365
1521816286398	Marionette	WARN	TLS certificate errors will be ignored for this session

(firefox:8776): GLib-GObject-WARNING **: /build/glib2.0-prJhLS/glib2.0-2.48.2/./gobject/gsignal.c:3486: signal name 'selection_changed' is invalid for instance '0x7f182bcf8e70' of type 'MaiAtkType139'

(firefox:8776): GLib-GObject-WARNING **: /build/glib2.0-prJhLS/glib2.0-2.48.2/./gobject/gsignal.c:3486: signal name 'selection_changed' is invalid for instance '0x7f18284ffa10' of type 'MaiAtkType139'

(firefox:8776): GLib-GObject-WARNING **: /build/glib2.0-prJhLS/glib2.0-2.48.2/./gobject/gsignal.c:3486: signal name 'selection_changed' is invalid for instance '0x7f182bb4d330' of type 'MaiAtkType139'
1521816327645	geckodriver	INFO	geckodriver 0.18.0
1521816327647	geckodriver	INFO	Listening on 127.0.0.1:57928
1521816328721	geckodriver::marionette	INFO	Starting browser /usr/bin/firefox with args ["-marionette"]
1521816329242	Marionette	INFO	Enabled via --marionette
1521816330822	Marionette	INFO	Listening on port 40692
1521816330832	Marionette	WARN	TLS certificate errors will be ignored for this session

(firefox:9532): GLib-GObject-WARNING **: /build/glib2.0-prJhLS/glib2.0-2.48.2/./gobject/gsignal.c:3486: signal name 'selection_changed' is invalid for instance '0x7f0abebcfc40' of type 'MaiAtkType139'

(firefox:9532): GLib-GObject-WARNING **: /build/glib2.0-prJhLS/glib2.0-2.48.2/./gobject/gsignal.c:3486: signal name 'selection_changed' is invalid for instance '0x7f0abebcf9c0' of type 'MaiAtkType139'

(firefox:9532): GLib-GObject-WARNING **: /build/glib2.0-prJhLS/glib2.0-2.48.2/./gobject/gsignal.c:3486: signal name 'selection_changed' is invalid for instance '0x7f0abebcf9c0' of type 'MaiAtkType139'

(firefox:9532): GLib-GObject-WARNING **: /build/glib2.0-prJhLS/glib2.0-2.48.2/./gobject/gsignal.c:3486: signal name 'selection_changed' is invalid for instance '0x7f0adf2f2560' of type 'MaiAtkType139'

(firefox:9532): GLib-GObject-WARNING **: /build/glib2.0-prJhLS/glib2.0-2.48.2/./gobject/gsignal.c:3486: signal name 'selection_changed' is invalid for instance '0x7f0abb766bf0' of type 'MaiAtkType139'
1521816627733	geckodriver	INFO	geckodriver 0.18.0
1521816627735	geckodriver	INFO	Listening on 127.0.0.1:36644
1521816628805	geckodriver::marionette	INFO	Starting browser /usr/bin/firefox with args ["-marionette"]
1521816629328	Marionette	INFO	Enabled via --marionette
1521816630956	Marionette	INFO	Listening on port 39319
1521816631024	Marionette	WARN	TLS certificate errors will be ignored for this session

(firefox:13564): GLib-GObject-WARNING **: /build/glib2.0-prJhLS/glib2.0-2.48.2/./gobject/gsignal.c:3486: signal name 'selection_changed' is invalid for instance '0x7f38e861d4c0' of type 'MaiAtkType139'

(firefox:13564): GLib-GObject-WARNING **: /build/glib2.0-prJhLS/glib2.0-2.48.2/./gobject/gsignal.c:3486: signal name 'selection_changed' is invalid for instance '0x7f38e85d5bf0' of type 'MaiAtkType139'

(firefox:13564): GLib-GObject-WARNING **: /build/glib2.0-prJhLS/glib2.0-2.48.2/./gobject/gsignal.c:3486: signal name 'selection_changed' is invalid for instance '0x7f38e861b380' of type 'MaiAtkType139'
1521816698893	geckodriver	INFO	geckodriver 0.18.0
1521816698896	geckodriver	INFO	Listening on 127.0.0.1:46772
1521816699967	geckodriver::marionette	INFO	Starting browser /usr/bin/firefox with args ["-marionette"]
1521816700514	Marionette	INFO	Enabled via --marionette
1521816702160	Marionette	INFO	Listening on port 39366
1521816702178	Marionette	WARN	TLS certificate errors will be ignored for this session

(firefox:14724): GLib-GObject-WARNING **: /build/glib2.0-prJhLS/glib2.0-2.48.2/./gobject/gsignal.c:3486: signal name 'selection_changed' is invalid for instance '0x7ff2be7874c0' of type 'MaiAtkType139'

(firefox:14724): GLib-GObject-WARNING **: /build/glib2.0-prJhLS/glib2.0-2.48.2/./gobject/gsignal.c:3486: signal name 'selection_changed' is invalid for instance '0x7ff2be780240' of type 'MaiAtkType139'

(firefox:14724): GLib-GObject-WARNING **: /build/glib2.0-prJhLS/glib2.0-2.48.2/./gobject/gsignal.c:3486: signal name 'selection_changed' is invalid for instance '0x7ff2bef80420' of type 'MaiAtkType139'
1521816816037	geckodriver	INFO	geckodriver 0.18.0
1521816816039	geckodriver	INFO	Listening on 127.0.0.1:59954
1521816817113	geckodriver::marionette	INFO	Starting browser /usr/bin/firefox with args ["-marionette"]
1521816817660	Marionette	INFO	Enabled via --marionette
1521816819286	Marionette	INFO	Listening on port 35785
1521816819326	Marionette	WARN	TLS certificate errors will be ignored for this session

(firefox:16407): GLib-GObject-WARNING **: /build/glib2.0-prJhLS/glib2.0-2.48.2/./gobject/gsignal.c:3486: signal name 'selection_changed' is invalid for instance '0x7f65bcb23a10' of type 'MaiAtkType139'

(firefox:16407): GLib-GObject-WARNING **: /build/glib2.0-prJhLS/glib2.0-2.48.2/./gobject/gsignal.c:3486: signal name 'selection_changed' is invalid for instance '0x7f65b86c3920' of type 'MaiAtkType139'
1521816962270	geckodriver	INFO	geckodriver 0.18.0
1521816962272	geckodriver	INFO	Listening on 127.0.0.1:37316
1521816963344	geckodriver::marionette	INFO	Starting browser /usr/bin/firefox with args ["-marionette"]
1521816963868	Marionette	INFO	Enabled via --marionette
1521816965496	Marionette	INFO	Listening on port 42340
1521816965554	Marionette	WARN	TLS certificate errors will be ignored for this session

(firefox:18453): GLib-GObject-WARNING **: /build/glib2.0-prJhLS/glib2.0-2.48.2/./gobject/gsignal.c:3486: signal name 'selection_changed' is invalid for instance '0x7f23985d7470' of type 'MaiAtkType139'

(firefox:18453): GLib-GObject-WARNING **: /build/glib2.0-prJhLS/glib2.0-2.48.2/./gobject/gsignal.c:3486: signal name 'selection_changed' is invalid for instance '0x7f23985d7240' of type 'MaiAtkType139'
1521817115132	geckodriver	INFO	geckodriver 0.18.0
1521817115135	geckodriver	INFO	Listening on 127.0.0.1:35751
1521817116209	geckodriver::marionette	INFO	Starting browser /usr/bin/firefox with args ["-marionette"]
1521817117338	Marionette	INFO	Enabled via --marionette
1521817121372	Marionette	INFO	Listening on port 46845
1521817121432	Marionette	WARN	TLS certificate errors will be ignored for this session

(firefox:20859): GLib-GObject-WARNING **: /build/glib2.0-prJhLS/glib2.0-2.48.2/./gobject/gsignal.c:3486: signal name 'selection_changed' is invalid for instance '0x7ff9160ffb50' of type 'MaiAtkType139'

(firefox:20859): GLib-GObject-WARNING **: /build/glib2.0-prJhLS/glib2.0-2.48.2/./gobject/gsignal.c:3486: signal name 'selection_changed' is invalid for instance '0x7ff9160ffc90' of type 'MaiAtkType139'
1521817567387	geckodriver	INFO	geckodriver 0.18.0
1521817567389	geckodriver	INFO	Listening on 127.0.0.1:56707
1521817568460	geckodriver::marionette	INFO	Starting browser /usr/bin/firefox with args ["-marionette"]
1521817569008	Marionette	INFO	Enabled via --marionette
1521817570600	Marionette	INFO	Listening on port 40505
1521817570670	Marionette	WARN	TLS certificate errors will be ignored for this session

(firefox:27112): GLib-GObject-WARNING **: /build/glib2.0-prJhLS/glib2.0-2.48.2/./gobject/gsignal.c:3486: signal name 'selection_changed' is invalid for instance '0x7f206fd349c0' of type 'MaiAtkType139'
1521817797257	geckodriver	INFO	geckodriver 0.18.0
1521817797259	geckodriver	INFO	Listening on 127.0.0.1:52528
1521817798330	geckodriver::marionette	INFO	Starting browser /usr/bin/firefox with args ["-marionette"]
1521817798912	Marionette	INFO	Enabled via --marionette
1521817800458	Marionette	INFO	Listening on port 34467
1521817800540	Marionette	WARN	TLS certificate errors will be ignored for this session

(firefox:30248): GLib-GObject-WARNING **: /build/glib2.0-prJhLS/glib2.0-2.48.2/./gobject/gsignal.c:3486: signal name 'selection_changed' is invalid for instance '0x7f0a65777d30' of type 'MaiAtkType139'

(firefox:30248): GLib-GObject-WARNING **: /build/glib2.0-prJhLS/glib2.0-2.48.2/./gobject/gsignal.c:3486: signal name 'selection_changed' is invalid for instance '0x7f0a65777c40' of type 'MaiAtkType139'
1521817858833	geckodriver	INFO	geckodriver 0.18.0
1521817858835	geckodriver	INFO	Listening on 127.0.0.1:37700
1521817859908	geckodriver::marionette	INFO	Starting browser /usr/bin/firefox with args ["-marionette"]
1521817860428	Marionette	INFO	Enabled via --marionette
1521817862062	Marionette	INFO	Listening on port 37107
1521817862120	Marionette	WARN	TLS certificate errors will be ignored for this session
[GFX1-]: Receive IPC close with reason=AbnormalShutdown
[Child 31273, Chrome_ChildThread] WARNING: pipe error (3): Connection reset by peer: file /build/firefox-CQifnS/firefox-59.0.1+build1/ipc/chromium/src/chrome/common/ipc_channel_posix.cc, line 353
1521817914136	geckodriver	INFO	geckodriver 0.18.0
1521817914138	geckodriver	INFO	Listening on 127.0.0.1:35607
1521817915210	geckodriver::marionette	INFO	Starting browser /usr/bin/firefox with args ["-marionette"]
1521817915728	Marionette	INFO	Enabled via --marionette
1521817917254	Marionette	INFO	Listening on port 46222
1521817917320	Marionette	WARN	TLS certificate errors will be ignored for this session

(firefox:32099): GLib-GObject-WARNING **: /build/glib2.0-prJhLS/glib2.0-2.48.2/./gobject/gsignal.c:3486: signal name 'selection_changed' is invalid for instance '0x7fde954356a0' of type 'MaiAtkType139'

(firefox:32099): GLib-GObject-WARNING **: /build/glib2.0-prJhLS/glib2.0-2.48.2/./gobject/gsignal.c:3486: signal name 'selection_changed' is invalid for instance '0x7fde954333d0' of type 'MaiAtkType139'
1521819458171	geckodriver	INFO	geckodriver 0.18.0
1521819458173	geckodriver	INFO	Listening on 127.0.0.1:54561
1521819459244	geckodriver::marionette	INFO	Starting browser /usr/bin/firefox with args ["-marionette"]
1521819459778	Marionette	INFO	Enabled via --marionette

(firefox:20430): IBUS-WARNING **: Unable to connect to ibus: Could not connect: Connection refused
1521819461316	Marionette	INFO	Listening on port 43120
1521819461354	Marionette	WARN	TLS certificate errors will be ignored for this session

(firefox:20430): GLib-GObject-WARNING **: /build/glib2.0-prJhLS/glib2.0-2.48.2/./gobject/gsignal.c:3486: signal name 'selection_changed' is invalid for instance '0x7fc847c3ce70' of type 'MaiAtkType139'

(firefox:20430): GLib-GObject-WARNING **: /build/glib2.0-prJhLS/glib2.0-2.48.2/./gobject/gsignal.c:3486: signal name 'selection_changed' is invalid for instance '0x7fc847c3cc90' of type 'MaiAtkType139'
1521819502165	geckodriver	INFO	geckodriver 0.18.0
1521819502167	geckodriver	INFO	Listening on 127.0.0.1:36302
1521819503243	geckodriver::marionette	INFO	Starting browser /usr/bin/firefox with args ["-marionette"]
1521819503772	Marionette	INFO	Enabled via --marionette
1521819505400	Marionette	INFO	Listening on port 39074
1521819505454	Marionette	WARN	TLS certificate errors will be ignored for this session

(firefox:21188): GLib-GObject-WARNING **: /build/glib2.0-prJhLS/glib2.0-2.48.2/./gobject/gsignal.c:3486: signal name 'selection_changed' is invalid for instance '0x7f2203899600' of type 'MaiAtkType139'
1521819569090	geckodriver	INFO	geckodriver 0.18.0
1521819569092	geckodriver	INFO	Listening on 127.0.0.1:60014
1521819570163	geckodriver::marionette	INFO	Starting browser /usr/bin/firefox with args ["-marionette"]
1521819570682	Marionette	INFO	Enabled via --marionette
1521819572294	Marionette	INFO	Listening on port 35366
1521819572372	Marionette	WARN	TLS certificate errors will be ignored for this session

(firefox:22248): GLib-GObject-WARNING **: /build/glib2.0-prJhLS/glib2.0-2.48.2/./gobject/gsignal.c:3486: signal name 'selection_changed' is invalid for instance '0x7f8425d3d790' of type 'MaiAtkType139'

(firefox:22248): GLib-GObject-WARNING **: /build/glib2.0-prJhLS/glib2.0-2.48.2/./gobject/gsignal.c:3486: signal name 'selection_changed' is invalid for instance '0x7f8425bbad80' of type 'MaiAtkType139'
1521820151400	geckodriver	INFO	geckodriver 0.18.0
1521820151407	geckodriver	INFO	Listening on 127.0.0.1:49952
1521820152469	geckodriver::marionette	INFO	Starting browser /usr/bin/firefox with args ["-marionette"]
1521820154116	Marionette	INFO	Enabled via --marionette
1521820156598	Marionette	INFO	Listening on port 45506
1521820156688	Marionette	WARN	TLS certificate errors will be ignored for this session
1521820246770	geckodriver	INFO	geckodriver 0.18.0
1521820246773	geckodriver	INFO	Listening on 127.0.0.1:48131
1521820246898	geckodriver::marionette	INFO	Starting browser /usr/bin/firefox with args ["-marionette"]
1521820248142	Marionette	INFO	Enabled via --marionette
1521820249902	Marionette	INFO	Listening on port 36406
1521820249916	Marionette	WARN	TLS certificate errors will be ignored for this session

(firefox:31687): GLib-GObject-WARNING **: /build/glib2.0-prJhLS/glib2.0-2.48.2/./gobject/gsignal.c:3486: signal name 'selection_changed' is invalid for instance '0x7f422fc02f10' of type 'MaiAtkType139'

(firefox:31687): GLib-GObject-WARNING **: /build/glib2.0-prJhLS/glib2.0-2.48.2/./gobject/gsignal.c:3486: signal name 'selection_changed' is invalid for instance '0x7f422fcfd7e0' of type 'MaiAtkType139'
1521820267599	geckodriver	INFO	geckodriver 0.18.0
1521820267601	geckodriver	INFO	Listening on 127.0.0.1:41319
1521820268677	geckodriver::marionette	INFO	Starting browser /usr/bin/firefox with args ["-marionette"]
1521820269296	Marionette	INFO	Enabled via --marionette
1521820270948	Marionette	INFO	Listening on port 35887
1521820270994	Marionette	WARN	TLS certificate errors will be ignored for this session
1521820401703	geckodriver	INFO	geckodriver 0.18.0
1521820401705	geckodriver	INFO	Listening on 127.0.0.1:51783
1521820402803	geckodriver::marionette	INFO	Starting browser /usr/bin/firefox with args ["-marionette"]
1521820403336	Marionette	INFO	Enabled via --marionette
1521820404902	Marionette	INFO	Listening on port 44036
1521820404912	Marionette	WARN	TLS certificate errors will be ignored for this session

(firefox:1775): GLib-GObject-WARNING **: /build/glib2.0-prJhLS/glib2.0-2.48.2/./gobject/gsignal.c:3486: signal name 'selection_changed' is invalid for instance '0x7f62150467e0' of type 'MaiAtkType139'

(firefox:1775): GLib-GObject-WARNING **: /build/glib2.0-prJhLS/glib2.0-2.48.2/./gobject/gsignal.c:3486: signal name 'selection_changed' is invalid for instance '0x7f6215046dd0' of type 'MaiAtkType139'
[Child 1847, Chrome_ChildThread] WARNING: pipe error (3): Connection reset by peer: file /build/firefox-CQifnS/firefox-59.0.1+build1/ipc/chromium/src/chrome/common/ipc_channel_posix.cc, line 353
[GFX1-]: Receive IPC close with reason=AbnormalShutdown
1521820430887	geckodriver	INFO	geckodriver 0.18.0
1521820430889	geckodriver	INFO	Listening on 127.0.0.1:39971
1521820431962	geckodriver::marionette	INFO	Starting browser /usr/bin/firefox with args ["-marionette"]
1521820432546	Marionette	INFO	Enabled via --marionette
1521820434076	Marionette	INFO	Listening on port 43844
1521820434176	Marionette	WARN	TLS certificate errors will be ignored for this session

(firefox:2336): GLib-GObject-WARNING **: /build/glib2.0-prJhLS/glib2.0-2.48.2/./gobject/gsignal.c:3486: signal name 'selection_changed' is invalid for instance '0x7f0f88c72380' of type 'MaiAtkType139'

(firefox:2336): GLib-GObject-WARNING **: /build/glib2.0-prJhLS/glib2.0-2.48.2/./gobject/gsignal.c:3486: signal name 'selection_changed' is invalid for instance '0x7f0f88c72b00' of type 'MaiAtkType139'
1521820491115	geckodriver	INFO	geckodriver 0.18.0
1521820491117	geckodriver	INFO	Listening on 127.0.0.1:40902
1521820492190	geckodriver::marionette	INFO	Starting browser /usr/bin/firefox with args ["-marionette"]
1521820492860	Marionette	INFO	Enabled via --marionette
1521820494422	Marionette	INFO	Listening on port 45832
1521820494498	Marionette	WARN	TLS certificate errors will be ignored for this session

(firefox:3692): GLib-GObject-WARNING **: /build/glib2.0-prJhLS/glib2.0-2.48.2/./gobject/gsignal.c:3486: signal name 'selection_changed' is invalid for instance '0x7f65a11205b0' of type 'MaiAtkType139'

(firefox:3692): GLib-GObject-WARNING **: /build/glib2.0-prJhLS/glib2.0-2.48.2/./gobject/gsignal.c:3486: signal name 'selection_changed' is invalid for instance '0x7f65a12423d0' of type 'MaiAtkType139'
1521820516622	geckodriver	INFO	geckodriver 0.18.0
1521820516624	geckodriver	INFO	Listening on 127.0.0.1:44129
1521820517698	geckodriver::marionette	INFO	Starting browser /usr/bin/firefox with args ["-marionette"]
1521820518218	Marionette	INFO	Enabled via --marionette
1521820519852	Marionette	INFO	Listening on port 39847
1521820519910	Marionette	WARN	TLS certificate errors will be ignored for this session

(firefox:4230): GLib-GObject-WARNING **: /build/glib2.0-prJhLS/glib2.0-2.48.2/./gobject/gsignal.c:3486: signal name 'selection_changed' is invalid for instance '0x7fca1d89d150' of type 'MaiAtkType139'

(firefox:4230): GLib-GObject-WARNING **: /build/glib2.0-prJhLS/glib2.0-2.48.2/./gobject/gsignal.c:3486: signal name 'selection_changed' is invalid for instance '0x7fca1dbe3470' of type 'MaiAtkType139'
1521820772343	geckodriver	INFO	geckodriver 0.18.0
1521820772345	geckodriver	INFO	Listening on 127.0.0.1:59506
1521820773416	geckodriver::marionette	INFO	Starting browser /usr/bin/firefox with args ["-marionette"]
1521820773952	Marionette	INFO	Enabled via --marionette
1521820775554	Marionette	INFO	Listening on port 44942
1521820775628	Marionette	WARN	TLS certificate errors will be ignored for this session

(firefox:8183): GLib-GObject-WARNING **: /build/glib2.0-prJhLS/glib2.0-2.48.2/./gobject/gsignal.c:3486: signal name 'selection_changed' is invalid for instance '0x7f551cb60920' of type 'MaiAtkType139'
[GFX1-]: Receive IPC close with reason=AbnormalShutdown
1521820838501	geckodriver	INFO	geckodriver 0.18.0
1521820838504	geckodriver	INFO	Listening on 127.0.0.1:47858
1521820839575	geckodriver::marionette	INFO	Starting browser /usr/bin/firefox with args ["-marionette"]
1521820840098	Marionette	INFO	Enabled via --marionette
1521820841708	Marionette	INFO	Listening on port 46054
1521820841784	Marionette	WARN	TLS certificate errors will be ignored for this session
[GFX1-]: Receive IPC close with reason=AbnormalShutdown
1521820869205	geckodriver	INFO	geckodriver 0.18.0
1521820869207	geckodriver	INFO	Listening on 127.0.0.1:55736
1521820870278	geckodriver::marionette	INFO	Starting browser /usr/bin/firefox with args ["-marionette"]
1521820870926	Marionette	INFO	Enabled via --marionette
1521820872544	Marionette	INFO	Listening on port 39556
1521820872592	Marionette	WARN	TLS certificate errors will be ignored for this session

(firefox:9802): GLib-GObject-WARNING **: /build/glib2.0-prJhLS/glib2.0-2.48.2/./gobject/gsignal.c:3486: signal name 'selection_changed' is invalid for instance '0x7f7888bcd650' of type 'MaiAtkType139'

(firefox:9802): GLib-GObject-WARNING **: /build/glib2.0-prJhLS/glib2.0-2.48.2/./gobject/gsignal.c:3486: signal name 'selection_changed' is invalid for instance '0x7f7888a805b0' of type 'MaiAtkType139'
1521820952981	geckodriver	INFO	geckodriver 0.18.0
1521820952983	geckodriver	INFO	Listening on 127.0.0.1:53730
1521820954053	geckodriver::marionette	INFO	Starting browser /usr/bin/firefox with args ["-marionette"]
1521820954572	Marionette	INFO	Enabled via --marionette
1521820956292	Marionette	INFO	Listening on port 34103
1521820956370	Marionette	WARN	TLS certificate errors will be ignored for this session

(firefox:11069): GLib-GObject-WARNING **: /build/glib2.0-prJhLS/glib2.0-2.48.2/./gobject/gsignal.c:3486: signal name 'selection_changed' is invalid for instance '0x7fa201681470' of type 'MaiAtkType139'

(firefox:11069): GLib-GObject-WARNING **: /build/glib2.0-prJhLS/glib2.0-2.48.2/./gobject/gsignal.c:3486: signal name 'selection_changed' is invalid for instance '0x7fa201681dd0' of type 'MaiAtkType139'
1521821041158	geckodriver	INFO	geckodriver 0.18.0
1521821041160	geckodriver	INFO	Listening on 127.0.0.1:50200
1521821042232	geckodriver::marionette	INFO	Starting browser /usr/bin/firefox with args ["-marionette"]
1521821042872	Marionette	INFO	Enabled via --marionette
1521821044590	Marionette	INFO	Listening on port 44990
1521821044648	Marionette	WARN	TLS certificate errors will be ignored for this session

(firefox:12368): GLib-GObject-WARNING **: /build/glib2.0-prJhLS/glib2.0-2.48.2/./gobject/gsignal.c:3486: signal name 'selection_changed' is invalid for instance '0x7f0eb1f2d3d0' of type 'MaiAtkType139'

(firefox:12368): GLib-GObject-WARNING **: /build/glib2.0-prJhLS/glib2.0-2.48.2/./gobject/gsignal.c:3486: signal name 'selection_changed' is invalid for instance '0x7f0eb1f2d150' of type 'MaiAtkType139'
1521821144300	geckodriver	INFO	geckodriver 0.18.0
1521821144302	geckodriver	INFO	Listening on 127.0.0.1:45849
1521821145374	geckodriver::marionette	INFO	Starting browser /usr/bin/firefox with args ["-marionette"]
1521821145888	Marionette	INFO	Enabled via --marionette
1521821147510	Marionette	INFO	Listening on port 42391
1521821147582	Marionette	WARN	TLS certificate errors will be ignored for this session

(firefox:13918): GLib-GObject-WARNING **: /build/glib2.0-prJhLS/glib2.0-2.48.2/./gobject/gsignal.c:3486: signal name 'selection_changed' is invalid for instance '0x7f3af669c7e0' of type 'MaiAtkType139'

(firefox:13918): GLib-GObject-WARNING **: /build/glib2.0-prJhLS/glib2.0-2.48.2/./gobject/gsignal.c:3486: signal name 'selection_changed' is invalid for instance '0x7f3af67c7ce0' of type 'MaiAtkType139'
[GFX1-]: Receive IPC close with reason=AbnormalShutdown
[Child 14103, Chrome_ChildThread] WARNING: pipe error (3): Connection reset by peer: file /build/firefox-CQifnS/firefox-59.0.1+build1/ipc/chromium/src/chrome/common/ipc_channel_posix.cc, line 353
1521821899903	geckodriver	INFO	geckodriver 0.18.0
1521821899906	geckodriver	INFO	Listening on 127.0.0.1:34932
1521821900978	geckodriver::marionette	INFO	Starting browser /usr/bin/firefox with args ["-marionette"]
1521821901520	Marionette	INFO	Enabled via --marionette
1521821903300	Marionette	INFO	Listening on port 42361
1521821903408	Marionette	WARN	TLS certificate errors will be ignored for this session

(firefox:24186): GLib-GObject-WARNING **: /build/glib2.0-prJhLS/glib2.0-2.48.2/./gobject/gsignal.c:3486: signal name 'selection_changed' is invalid for instance '0x7f042b36c6a0' of type 'MaiAtkType139'

(firefox:24186): GLib-GObject-WARNING **: /build/glib2.0-prJhLS/glib2.0-2.48.2/./gobject/gsignal.c:3486: signal name 'selection_changed' is invalid for instance '0x7f042db7ca60' of type 'MaiAtkType139'
1521825815612	geckodriver	INFO	geckodriver 0.18.0
1521825815622	geckodriver	INFO	Listening on 127.0.0.1:46383
1521825816846	geckodriver::marionette	INFO	Starting browser /usr/bin/firefox with args ["-marionette"]
1521825823098	Marionette	INFO	Enabled via --marionette
1521825829362	Marionette	INFO	Listening on port 38867
1521825830302	Marionette	WARN	TLS certificate errors will be ignored for this session

(firefox:11405): GLib-GObject-WARNING **: /build/glib2.0-prJhLS/glib2.0-2.48.2/./gobject/gsignal.c:3486: signal name 'selection_changed' is invalid for instance '0x7fc68349e100' of type 'MaiAtkType139'

(firefox:11405): GLib-GObject-WARNING **: /build/glib2.0-prJhLS/glib2.0-2.48.2/./gobject/gsignal.c:3486: signal name 'selection_changed' is invalid for instance '0x7fc68349f650' of type 'MaiAtkType139'
1521825847592	geckodriver	INFO	geckodriver 0.18.0
1521825847595	geckodriver	INFO	Listening on 127.0.0.1:37046
1521825848762	geckodriver::marionette	INFO	Starting browser /usr/bin/firefox with args ["-marionette"]
1521825851244	Marionette	INFO	Enabled via --marionette
1521825854052	Marionette	INFO	Listening on port 34936
1521825854084	Marionette	WARN	TLS certificate errors will be ignored for this session
1521826105393	geckodriver	INFO	geckodriver 0.18.0
1521826105397	geckodriver	INFO	Listening on 127.0.0.1:52505
1521826106462	geckodriver::marionette	INFO	Starting browser /usr/bin/firefox with args ["-marionette"]
1521826107308	Marionette	INFO	Enabled via --marionette
1521826109270	Marionette	INFO	Listening on port 38423
1521826109278	Marionette	WARN	TLS certificate errors will be ignored for this session

(firefox:15659): GLib-GObject-WARNING **: /build/glib2.0-prJhLS/glib2.0-2.48.2/./gobject/gsignal.c:3486: signal name 'selection_changed' is invalid for instance '0x7f8205a8d290' of type 'MaiAtkType139'

(firefox:15659): GLib-GObject-WARNING **: /build/glib2.0-prJhLS/glib2.0-2.48.2/./gobject/gsignal.c:3486: signal name 'selection_changed' is invalid for instance '0x7f8205a256a0' of type 'MaiAtkType139'
1521826122328	geckodriver	INFO	geckodriver 0.18.0
1521826122330	geckodriver	INFO	Listening on 127.0.0.1:42589
1521826123401	geckodriver::marionette	INFO	Starting browser /usr/bin/firefox with args ["-marionette"]
1521826123938	Marionette	INFO	Enabled via --marionette
1521826125624	Marionette	INFO	Listening on port 41734
1521826125710	Marionette	WARN	TLS certificate errors will be ignored for this session

(firefox:16054): GLib-GObject-WARNING **: /build/glib2.0-prJhLS/glib2.0-2.48.2/./gobject/gsignal.c:3486: signal name 'selection_changed' is invalid for instance '0x7fdcfa0d0ce0' of type 'MaiAtkType139'

(firefox:16054): GLib-GObject-WARNING **: /build/glib2.0-prJhLS/glib2.0-2.48.2/./gobject/gsignal.c:3486: signal name 'selection_changed' is invalid for instance '0x7fdd1874b880' of type 'MaiAtkType139'
1521826222857	geckodriver	INFO	geckodriver 0.18.0
1521826222859	geckodriver	INFO	Listening on 127.0.0.1:49338
1521826223931	geckodriver::marionette	INFO	Starting browser /usr/bin/firefox with args ["-marionette"]
1521826224472	Marionette	INFO	Enabled via --marionette
1521826226304	Marionette	INFO	Listening on port 37054
1521826226348	Marionette	WARN	TLS certificate errors will be ignored for this session

(firefox:17531): GLib-GObject-WARNING **: /build/glib2.0-prJhLS/glib2.0-2.48.2/./gobject/gsignal.c:3486: signal name 'selection_changed' is invalid for instance '0x7f1f47247ce0' of type 'MaiAtkType139'

(firefox:17531): GLib-GObject-WARNING **: /build/glib2.0-prJhLS/glib2.0-2.48.2/./gobject/gsignal.c:3486: signal name 'selection_changed' is invalid for instance '0x7f1f267116a0' of type 'MaiAtkType139'
1521826291927	geckodriver	INFO	geckodriver 0.18.0
1521826291929	geckodriver	INFO	Listening on 127.0.0.1:42898
1521826293002	geckodriver::marionette	INFO	Starting browser /usr/bin/firefox with args ["-marionette"]
1521826293584	Marionette	INFO	Enabled via --marionette
1521826295286	Marionette	INFO	Listening on port 39410
1521826295314	Marionette	WARN	TLS certificate errors will be ignored for this session

(firefox:18610): GLib-GObject-WARNING **: /build/glib2.0-prJhLS/glib2.0-2.48.2/./gobject/gsignal.c:3486: signal name 'selection_changed' is invalid for instance '0x7fe49e303830' of type 'MaiAtkType139'

(firefox:18610): GLib-GObject-WARNING **: /build/glib2.0-prJhLS/glib2.0-2.48.2/./gobject/gsignal.c:3486: signal name 'selection_changed' is invalid for instance '0x7fe49e3e4b00' of type 'MaiAtkType139'
1521827608172	geckodriver	INFO	geckodriver 0.18.0
1521827608174	geckodriver	INFO	Listening on 127.0.0.1:39208
1521827609245	geckodriver::marionette	INFO	Starting browser /usr/bin/firefox with args ["-marionette"]
1521827609760	Marionette	INFO	Enabled via --marionette
1521827611444	Marionette	INFO	Listening on port 38473
1521827611462	Marionette	WARN	TLS certificate errors will be ignored for this session

(firefox:4409): GLib-GObject-WARNING **: /build/glib2.0-prJhLS/glib2.0-2.48.2/./gobject/gsignal.c:3486: signal name 'selection_changed' is invalid for instance '0x7f1bf30068d0' of type 'MaiAtkType139'

(firefox:4409): GLib-GObject-WARNING **: /build/glib2.0-prJhLS/glib2.0-2.48.2/./gobject/gsignal.c:3486: signal name 'selection_changed' is invalid for instance '0x7f1bf30075b0' of type 'MaiAtkType139'
1521827661819	geckodriver	INFO	geckodriver 0.18.0
1521827661821	geckodriver	INFO	Listening on 127.0.0.1:37775
1521827662895	geckodriver::marionette	INFO	Starting browser /usr/bin/firefox with args ["-marionette"]
1521827663416	Marionette	INFO	Enabled via --marionette
1521827664962	Marionette	INFO	Listening on port 44752
1521827665008	Marionette	WARN	TLS certificate errors will be ignored for this session
1521827895265	geckodriver	INFO	geckodriver 0.18.0
1521827895267	geckodriver	INFO	Listening on 127.0.0.1:47424
1521827896338	geckodriver::marionette	INFO	Starting browser /usr/bin/firefox with args ["-marionette"]
1521827896878	Marionette	INFO	Enabled via --marionette
1521827898526	Marionette	INFO	Listening on port 33352
1521827898552	Marionette	WARN	TLS certificate errors will be ignored for this session
*** UTM:SVC TimerManager:registerTimer called after profile-before-change notification. Ignoring timer registration for id: telemetry_modules_ping
1521827947669	geckodriver	INFO	geckodriver 0.18.0
1521827947671	geckodriver	INFO	Listening on 127.0.0.1:53520
1521827948743	geckodriver::marionette	INFO	Starting browser /usr/bin/firefox with args ["-marionette"]
1521827949998	Marionette	INFO	Enabled via --marionette
1521827952652	Marionette	INFO	Listening on port 42500
1521827952664	Marionette	WARN	TLS certificate errors will be ignored for this session

(firefox:10093): GLib-GObject-WARNING **: /build/glib2.0-prJhLS/glib2.0-2.48.2/./gobject/gsignal.c:3486: signal name 'selection_changed' is invalid for instance '0x7f3c94651ec0' of type 'MaiAtkType139'

(firefox:10093): GLib-GObject-WARNING **: /build/glib2.0-prJhLS/glib2.0-2.48.2/./gobject/gsignal.c:3486: signal name 'selection_changed' is invalid for instance '0x7f3c92c98880' of type 'MaiAtkType139'
1521828027311	geckodriver	INFO	geckodriver 0.18.0
1521828027313	geckodriver	INFO	Listening on 127.0.0.1:43068
1521828028384	geckodriver::marionette	INFO	Starting browser /usr/bin/firefox with args ["-marionette"]
1521828028918	Marionette	INFO	Enabled via --marionette
1521828030496	Marionette	INFO	Listening on port 46866
1521828030594	Marionette	WARN	TLS certificate errors will be ignored for this session

(firefox:11308): GLib-GObject-WARNING **: /build/glib2.0-prJhLS/glib2.0-2.48.2/./gobject/gsignal.c:3486: signal name 'selection_changed' is invalid for instance '0x7f1b82006380' of type 'MaiAtkType139'
1521828063748	geckodriver	INFO	geckodriver 0.18.0
1521828063750	geckodriver	INFO	Listening on 127.0.0.1:47395
1521828064822	geckodriver::marionette	INFO	Starting browser /usr/bin/firefox with args ["-marionette"]
1521828065350	Marionette	INFO	Enabled via --marionette
1521828067056	Marionette	INFO	Listening on port 33920
1521828067172	Marionette	WARN	TLS certificate errors will be ignored for this session

(firefox:11955): GLib-GObject-WARNING **: /build/glib2.0-prJhLS/glib2.0-2.48.2/./gobject/gsignal.c:3486: signal name 'selection_changed' is invalid for instance '0x7f1bf7f476f0' of type 'MaiAtkType139'

(firefox:11955): GLib-GObject-WARNING **: /build/glib2.0-prJhLS/glib2.0-2.48.2/./gobject/gsignal.c:3486: signal name 'selection_changed' is invalid for instance '0x7f1bf82058d0' of type 'MaiAtkType139'
1521828159520	geckodriver	INFO	geckodriver 0.18.0
1521828159522	geckodriver	INFO	Listening on 127.0.0.1:47499
1521828160595	geckodriver::marionette	INFO	Starting browser /usr/bin/firefox with args ["-marionette"]
1521828161158	Marionette	INFO	Enabled via --marionette
1521828162900	Marionette	INFO	Listening on port 46336
1521828162908	Marionette	WARN	TLS certificate errors will be ignored for this session
1521828261805	geckodriver	INFO	geckodriver 0.18.0
1521828261807	geckodriver	INFO	Listening on 127.0.0.1:32951
1521828262895	geckodriver::marionette	INFO	Starting browser /usr/bin/firefox with args ["-marionette"]
1521828263514	Marionette	INFO	Enabled via --marionette
1521828265294	Marionette	INFO	Listening on port 42535
1521828265308	Marionette	WARN	TLS certificate errors will be ignored for this session

(firefox:15000): GLib-GObject-WARNING **: /build/glib2.0-prJhLS/glib2.0-2.48.2/./gobject/gsignal.c:3486: signal name 'selection_changed' is invalid for instance '0x7f02b726eb50' of type 'MaiAtkType139'

(firefox:15000): GLib-GObject-WARNING **: /build/glib2.0-prJhLS/glib2.0-2.48.2/./gobject/gsignal.c:3486: signal name 'selection_changed' is invalid for instance '0x7f02b72c0240' of type 'MaiAtkType139'
1521828497782	geckodriver	INFO	geckodriver 0.18.0
1521828497784	geckodriver	INFO	Listening on 127.0.0.1:58309
1521828497868	geckodriver::marionette	INFO	Starting browser /usr/bin/firefox with args ["-marionette"]
1521828498504	Marionette	INFO	Enabled via --marionette
1521828500260	Marionette	INFO	Listening on port 42300
1521828500286	Marionette	WARN	TLS certificate errors will be ignored for this session

(firefox:18186): GLib-GObject-WARNING **: /build/glib2.0-prJhLS/glib2.0-2.48.2/./gobject/gsignal.c:3486: signal name 'selection_changed' is invalid for instance '0x7f77b4015970' of type 'MaiAtkType139'

(firefox:18186): GLib-GObject-WARNING **: /build/glib2.0-prJhLS/glib2.0-2.48.2/./gobject/gsignal.c:3486: signal name 'selection_changed' is invalid for instance '0x7f77ae625bf0' of type 'MaiAtkType139'
